This is pdfTeX, Version 3.14159265-2.6-1.40.21 (TeX Live 2020) (preloaded format=pdflatex 2021.3.4)  4 MAR 2021 10:44
entering extended mode
 restricted \write18 enabled.
 %&-line parsing enabled.
**letter.tex
(./letter.tex
LaTeX2e <2020-10-01> patch level 4
L3 programming layer <2021-02-18>
(/stornext/Home/data/allstaff/b/baldoni.p/.TinyTeX/texmf-dist/tex/latex/base/ar
ticle.cls
Document Class: article 2020/04/10 v1.4m Standard LaTeX document class

(/stornext/Home/data/allstaff/b/baldoni.p/.TinyTeX/texmf-dist/tex/latex/base/si
ze10.clo
File: size10.clo 2020/04/10 v1.4m Standard LaTeX file (size option)
)
\c@part=\count179
\c@section=\count180
\c@subsection=\count181
\c@subsubsection=\count182
\c@paragraph=\count183
\c@subparagraph=\count184
\c@figure=\count185
\c@table=\count186
\abovecaptionskip=\skip47
\belowcaptionskip=\skip48
\bibindent=\dimen138
)
(/stornext/Home/data/allstaff/b/baldoni.p/.TinyTeX/texmf-dist/tex/latex/lm/lmod
ern.sty
Package: lmodern 2009/10/30 v1.6 Latin Modern Fonts
LaTeX Font Info:    Overwriting symbol font `operators' in version `normal'
(Font)                  OT1/cmr/m/n --> OT1/lmr/m/n on input line 22.
LaTeX Font Info:    Overwriting symbol font `letters' in version `normal'
(Font)                  OML/cmm/m/it --> OML/lmm/m/it on input line 23.
LaTeX Font Info:    Overwriting symbol font `symbols' in version `normal'
(Font)                  OMS/cmsy/m/n --> OMS/lmsy/m/n on input line 24.
LaTeX Font Info:    Overwriting symbol font `largesymbols' in version `normal'
(Font)                  OMX/cmex/m/n --> OMX/lmex/m/n on input line 25.
LaTeX Font Info:    Overwriting symbol font `operators' in version `bold'
(Font)                  OT1/cmr/bx/n --> OT1/lmr/bx/n on input line 26.
LaTeX Font Info:    Overwriting symbol font `letters' in version `bold'
(Font)                  OML/cmm/b/it --> OML/lmm/b/it on input line 27.
LaTeX Font Info:    Overwriting symbol font `symbols' in version `bold'
(Font)                  OMS/cmsy/b/n --> OMS/lmsy/b/n on input line 28.
LaTeX Font Info:    Overwriting symbol font `largesymbols' in version `bold'
(Font)                  OMX/cmex/m/n --> OMX/lmex/m/n on input line 29.
LaTeX Font Info:    Overwriting math alphabet `\mathbf' in version `normal'
(Font)                  OT1/cmr/bx/n --> OT1/lmr/bx/n on input line 31.
LaTeX Font Info:    Overwriting math alphabet `\mathsf' in version `normal'
(Font)                  OT1/cmss/m/n --> OT1/lmss/m/n on input line 32.
LaTeX Font Info:    Overwriting math alphabet `\mathit' in version `normal'
(Font)                  OT1/cmr/m/it --> OT1/lmr/m/it on input line 33.
LaTeX Font Info:    Overwriting math alphabet `\mathtt' in version `normal'
(Font)                  OT1/cmtt/m/n --> OT1/lmtt/m/n on input line 34.
LaTeX Font Info:    Overwriting math alphabet `\mathbf' in version `bold'
(Font)                  OT1/cmr/bx/n --> OT1/lmr/bx/n on input line 35.
LaTeX Font Info:    Overwriting math alphabet `\mathsf' in version `bold'
(Font)                  OT1/cmss/bx/n --> OT1/lmss/bx/n on input line 36.
LaTeX Font Info:    Overwriting math alphabet `\mathit' in version `bold'
(Font)                  OT1/cmr/bx/it --> OT1/lmr/bx/it on input line 37.
LaTeX Font Info:    Overwriting math alphabet `\mathtt' in version `bold'
(Font)                  OT1/cmtt/m/n --> OT1/lmtt/m/n on input line 38.
)
(/stornext/Home/data/allstaff/b/baldoni.p/.TinyTeX/texmf-dist/tex/latex/amsfont
s/amssymb.sty
Package: amssymb 2013/01/14 v3.01 AMS font symbols

(/stornext/Home/data/allstaff/b/baldoni.p/.TinyTeX/texmf-dist/tex/latex/amsfont
s/amsfonts.sty
Package: amsfonts 2013/01/14 v3.01 Basic AMSFonts support
\@emptytoks=\toks15
\symAMSa=\mathgroup4
\symAMSb=\mathgroup5
LaTeX Font Info:    Redeclaring math symbol \hbar on input line 98.
LaTeX Font Info:    Overwriting math alphabet `\mathfrak' in version `bold'
(Font)                  U/euf/m/n --> U/euf/b/n on input line 106.
))
(/stornext/Home/data/allstaff/b/baldoni.p/.TinyTeX/texmf-dist/tex/latex/amsmath
/amsmath.sty
Package: amsmath 2020/09/23 v2.17i AMS math features
\@mathmargin=\skip49
For additional information on amsmath, use the `?' option.

(/stornext/Home/data/allstaff/b/baldoni.p/.TinyTeX/texmf-dist/tex/latex/amsmath
/amstext.sty
Package: amstext 2000/06/29 v2.01 AMS text

(/stornext/Home/data/allstaff/b/baldoni.p/.TinyTeX/texmf-dist/tex/latex/amsmath
/amsgen.sty
File: amsgen.sty 1999/11/30 v2.0 generic functions
\@emptytoks=\toks16
\ex@=\dimen139
))
(/stornext/Home/data/allstaff/b/baldoni.p/.TinyTeX/texmf-dist/tex/latex/amsmath
/amsbsy.sty
Package: amsbsy 1999/11/29 v1.2d Bold Symbols
\pmbraise@=\dimen140
)
(/stornext/Home/data/allstaff/b/baldoni.p/.TinyTeX/texmf-dist/tex/latex/amsmath
/amsopn.sty
Package: amsopn 2016/03/08 v2.02 operator names
)
\inf@bad=\count187
LaTeX Info: Redefining \frac on input line 234.
\uproot@=\count188
\leftroot@=\count189
LaTeX Info: Redefining \overline on input line 399.
\classnum@=\count190
\DOTSCASE@=\count191
LaTeX Info: Redefining \ldots on input line 496.
LaTeX Info: Redefining \dots on input line 499.
LaTeX Info: Redefining \cdots on input line 620.
\Mathstrutbox@=\box47
\strutbox@=\box48
\big@size=\dimen141
LaTeX Font Info:    Redeclaring font encoding OML on input line 743.
LaTeX Font Info:    Redeclaring font encoding OMS on input line 744.
\macc@depth=\count192
\c@MaxMatrixCols=\count193
\dotsspace@=\muskip16
\c@parentequation=\count194
\dspbrk@lvl=\count195
\tag@help=\toks17
\row@=\count196
\column@=\count197
\maxfields@=\count198
\andhelp@=\toks18
\eqnshift@=\dimen142
\alignsep@=\dimen143
\tagshift@=\dimen144
\tagwidth@=\dimen145
\totwidth@=\dimen146
\lineht@=\dimen147
\@envbody=\toks19
\multlinegap=\skip50
\multlinetaggap=\skip51
\mathdisplay@stack=\toks20
LaTeX Info: Redefining \[ on input line 2923.
LaTeX Info: Redefining \] on input line 2924.
)
(/stornext/Home/data/allstaff/b/baldoni.p/.TinyTeX/texmf-dist/tex/generic/iftex
/ifxetex.sty
Package: ifxetex 2019/10/25 v0.7 ifxetex legacy package. Use iftex instead.

(/stornext/Home/data/allstaff/b/baldoni.p/.TinyTeX/texmf-dist/tex/generic/iftex
/iftex.sty
Package: iftex 2020/03/06 v1.0d TeX engine tests
))
(/stornext/Home/data/allstaff/b/baldoni.p/.TinyTeX/texmf-dist/tex/generic/iftex
/ifluatex.sty
Package: ifluatex 2019/10/25 v1.5 ifluatex legacy package. Use iftex instead.
)
(/stornext/Home/data/allstaff/b/baldoni.p/.TinyTeX/texmf-dist/tex/latex/base/fo
ntenc.sty
Package: fontenc 2020/08/10 v2.0s Standard LaTeX package
LaTeX Font Info:    Trying to load font information for T1+lmr on input line 11
2.

(/stornext/Home/data/allstaff/b/baldoni.p/.TinyTeX/texmf-dist/tex/latex/lm/t1lm
r.fd
File: t1lmr.fd 2009/10/30 v1.6 Font defs for Latin Modern
))
(/stornext/Home/data/allstaff/b/baldoni.p/.TinyTeX/texmf-dist/tex/latex/base/in
putenc.sty
Package: inputenc 2020/08/01 v1.3d Input encoding file
\inpenc@prehook=\toks21
\inpenc@posthook=\toks22
)
(/stornext/Home/data/allstaff/b/baldoni.p/.TinyTeX/texmf-dist/tex/latex/base/te
xtcomp.sty
Package: textcomp 2020/02/02 v2.0n Standard LaTeX package
)
(/stornext/Home/data/allstaff/b/baldoni.p/.TinyTeX/texmf-dist/tex/latex/microty
pe/microtype.sty
Package: microtype 2021/02/25 v2.8b Micro-typographical refinements (RS)

(/stornext/Home/data/allstaff/b/baldoni.p/.TinyTeX/texmf-dist/tex/latex/graphic
s/keyval.sty
Package: keyval 2014/10/28 v1.15 key=value parser (DPC)
\KV@toks@=\toks23
)
\MT@toks=\toks24
\MT@count=\count199
LaTeX Info: Redefining \textls on input line 788.
\MT@outer@kern=\dimen148
LaTeX Info: Redefining \textmicrotypecontext on input line 1358.
\MT@listname@count=\count266

(/stornext/Home/data/allstaff/b/baldoni.p/.TinyTeX/texmf-dist/tex/latex/microty
pe/microtype-pdftex.def
File: microtype-pdftex.def 2021/02/25 v2.8b Definitions specific to pdftex (RS)

LaTeX Info: Redefining \lsstyle on input line 915.
LaTeX Info: Redefining \lslig on input line 915.
\MT@outer@space=\skip52
)
Package microtype Info: Loading configuration file microtype.cfg.

(/stornext/Home/data/allstaff/b/baldoni.p/.TinyTeX/texmf-dist/tex/latex/microty
pe/microtype.cfg
File: microtype.cfg 2021/02/25 v2.8b microtype main configuration file (RS)
))
(/stornext/Home/data/allstaff/b/baldoni.p/.TinyTeX/texmf-dist/tex/latex/parskip
/parskip.sty
Package: parskip 2021-03-02 v2.0g non-zero parskip adjustments

(/stornext/Home/data/allstaff/b/baldoni.p/.TinyTeX/texmf-dist/tex/latex/kvoptio
ns/kvoptions.sty
Package: kvoptions 2020-10-07 v3.14 Key value format for package options (HO)

(/stornext/Home/data/allstaff/b/baldoni.p/.TinyTeX/texmf-dist/tex/generic/ltxcm
ds/ltxcmds.sty
Package: ltxcmds 2020-05-10 v1.25 LaTeX kernel commands for general use (HO)
)
(/stornext/Home/data/allstaff/b/baldoni.p/.TinyTeX/texmf-dist/tex/generic/kvset
keys/kvsetkeys.sty
Package: kvsetkeys 2019/12/15 v1.18 Key value parser (HO)
))
(/stornext/Home/data/allstaff/b/baldoni.p/.TinyTeX/texmf-dist/tex/latex/etoolbo
x/etoolbox.sty
Package: etoolbox 2020/10/05 v2.5k e-TeX tools for LaTeX (JAW)
\etb@tempcnta=\count267
))
(/stornext/Home/data/allstaff/b/baldoni.p/.TinyTeX/texmf-dist/tex/latex/xcolor/
xcolor.sty
Package: xcolor 2016/05/11 v2.12 LaTeX color extensions (UK)

(/stornext/Home/data/allstaff/b/baldoni.p/.TinyTeX/texmf-dist/tex/latex/graphic
s-cfg/color.cfg
File: color.cfg 2016/01/02 v1.6 sample color configuration
)
Package xcolor Info: Driver file: pdftex.def on input line 225.

(/stornext/Home/data/allstaff/b/baldoni.p/.TinyTeX/texmf-dist/tex/latex/graphic
s-def/pdftex.def
File: pdftex.def 2020/10/05 v1.2a Graphics/color driver for pdftex
)
Package xcolor Info: Model `cmy' substituted by `cmy0' on input line 1348.
Package xcolor Info: Model `hsb' substituted by `rgb' on input line 1352.
Package xcolor Info: Model `RGB' extended on input line 1364.
Package xcolor Info: Model `HTML' substituted by `rgb' on input line 1366.
Package xcolor Info: Model `Hsb' substituted by `hsb' on input line 1367.
Package xcolor Info: Model `tHsb' substituted by `hsb' on input line 1368.
Package xcolor Info: Model `HSB' substituted by `hsb' on input line 1369.
Package xcolor Info: Model `Gray' substituted by `gray' on input line 1370.
Package xcolor Info: Model `wave' substituted by `hsb' on input line 1371.
)
(/stornext/Home/data/allstaff/b/baldoni.p/.TinyTeX/texmf-dist/tex/latex/hyperre
f/hyperref.sty
Package: hyperref 2021-02-27 v7.00k Hypertext links for LaTeX

(/stornext/Home/data/allstaff/b/baldoni.p/.TinyTeX/texmf-dist/tex/generic/pdfte
xcmds/pdftexcmds.sty
Package: pdftexcmds 2020-06-27 v0.33 Utility functions of pdfTeX for LuaTeX (HO
)

(/stornext/Home/data/allstaff/b/baldoni.p/.TinyTeX/texmf-dist/tex/generic/infwa
rerr/infwarerr.sty
Package: infwarerr 2019/12/03 v1.5 Providing info/warning/error messages (HO)
)
Package pdftexcmds Info: \pdf@primitive is available.
Package pdftexcmds Info: \pdf@ifprimitive is available.
Package pdftexcmds Info: \pdfdraftmode found.
)
(/stornext/Home/data/allstaff/b/baldoni.p/.TinyTeX/texmf-dist/tex/generic/kvdef
inekeys/kvdefinekeys.sty
Package: kvdefinekeys 2019-12-19 v1.6 Define keys (HO)
)
(/stornext/Home/data/allstaff/b/baldoni.p/.TinyTeX/texmf-dist/tex/generic/pdfes
cape/pdfescape.sty
Package: pdfescape 2019/12/09 v1.15 Implements pdfTeX's escape features (HO)
)
(/stornext/Home/data/allstaff/b/baldoni.p/.TinyTeX/texmf-dist/tex/latex/hycolor
/hycolor.sty
Package: hycolor 2020-01-27 v1.10 Color options for hyperref/bookmark (HO)
)
(/stornext/Home/data/allstaff/b/baldoni.p/.TinyTeX/texmf-dist/tex/latex/letltxm
acro/letltxmacro.sty
Package: letltxmacro 2019/12/03 v1.6 Let assignment for LaTeX macros (HO)
)
(/stornext/Home/data/allstaff/b/baldoni.p/.TinyTeX/texmf-dist/tex/latex/auxhook
/auxhook.sty
Package: auxhook 2019-12-17 v1.6 Hooks for auxiliary files (HO)
)
\@linkdim=\dimen149
\Hy@linkcounter=\count268
\Hy@pagecounter=\count269

(/stornext/Home/data/allstaff/b/baldoni.p/.TinyTeX/texmf-dist/tex/latex/hyperre
f/pd1enc.def
File: pd1enc.def 2021-02-27 v7.00k Hyperref: PDFDocEncoding definition (HO)
Now handling font encoding PD1 ...
... no UTF-8 mapping file for font encoding PD1
)
(/stornext/Home/data/allstaff/b/baldoni.p/.TinyTeX/texmf-dist/tex/latex/hyperre
f/hyperref-langpatches.def
File: hyperref-langpatches.def 2021-02-27 v7.00k Hyperref: patches for babel la
nguages
)
(/stornext/Home/data/allstaff/b/baldoni.p/.TinyTeX/texmf-dist/tex/generic/intca
lc/intcalc.sty
Package: intcalc 2019/12/15 v1.3 Expandable calculations with integers (HO)
)
(/stornext/Home/data/allstaff/b/baldoni.p/.TinyTeX/texmf-dist/tex/generic/etexc
mds/etexcmds.sty
Package: etexcmds 2019/12/15 v1.7 Avoid name clashes with e-TeX commands (HO)
)
\Hy@SavedSpaceFactor=\count270

(/stornext/Home/data/allstaff/b/baldoni.p/.TinyTeX/texmf-dist/tex/latex/hyperre
f/puenc.def
File: puenc.def 2021-02-27 v7.00k Hyperref: PDF Unicode definition (HO)
Now handling font encoding PU ...
... no UTF-8 mapping file for font encoding PU
)
Package hyperref Info: Option `unicode' set `true' on input line 4073.
Package hyperref Info: Hyper figures OFF on input line 4192.
Package hyperref Info: Link nesting OFF on input line 4197.
Package hyperref Info: Hyper index ON on input line 4200.
Package hyperref Info: Plain pages OFF on input line 4207.
Package hyperref Info: Backreferencing OFF on input line 4212.
Package hyperref Info: Implicit mode ON; LaTeX internals redefined.
Package hyperref Info: Bookmarks ON on input line 4445.
\c@Hy@tempcnt=\count271

(/stornext/Home/data/allstaff/b/baldoni.p/.TinyTeX/texmf-dist/tex/latex/url/url
.sty
\Urlmuskip=\muskip17
Package: url 2013/09/16  ver 3.4  Verb mode for urls, etc.
)
LaTeX Info: Redefining \url on input line 4804.
\XeTeXLinkMargin=\dimen150

(/stornext/Home/data/allstaff/b/baldoni.p/.TinyTeX/texmf-dist/tex/generic/bitse
t/bitset.sty
Package: bitset 2019/12/09 v1.3 Handle bit-vector datatype (HO)

(/stornext/Home/data/allstaff/b/baldoni.p/.TinyTeX/texmf-dist/tex/generic/bigin
tcalc/bigintcalc.sty
Package: bigintcalc 2019/12/15 v1.5 Expandable calculations on big integers (HO
)
))
\Fld@menulength=\count272
\Field@Width=\dimen151
\Fld@charsize=\dimen152
Package hyperref Info: Hyper figures OFF on input line 6075.
Package hyperref Info: Link nesting OFF on input line 6080.
Package hyperref Info: Hyper index ON on input line 6083.
Package hyperref Info: backreferencing OFF on input line 6090.
Package hyperref Info: Link coloring OFF on input line 6095.
Package hyperref Info: Link coloring with OCG OFF on input line 6100.
Package hyperref Info: PDF/A mode OFF on input line 6105.
LaTeX Info: Redefining \ref on input line 6145.
LaTeX Info: Redefining \pageref on input line 6149.

(/stornext/Home/data/allstaff/b/baldoni.p/.TinyTeX/texmf-dist/tex/latex/base/at
begshi-ltx.sty
Package: atbegshi-ltx 2020/08/17 v1.0a Emulation of the original atbegshi packa
ge
with kernel methods
)
\Hy@abspage=\count273
\c@Item=\count274
\c@Hfootnote=\count275
)
Package hyperref Info: Driver (autodetected): hpdftex.

(/stornext/Home/data/allstaff/b/baldoni.p/.TinyTeX/texmf-dist/tex/latex/hyperre
f/hpdftex.def
File: hpdftex.def 2021-02-27 v7.00k Hyperref driver for pdfTeX

(/stornext/Home/data/allstaff/b/baldoni.p/.TinyTeX/texmf-dist/tex/latex/base/at
veryend-ltx.sty
Package: atveryend-ltx 2020/08/19 v1.0a Emulation of the original atvery packag
e
with kernel methods
)
\Fld@listcount=\count276
\c@bookmark@seq@number=\count277

(/stornext/Home/data/allstaff/b/baldoni.p/.TinyTeX/texmf-dist/tex/latex/rerunfi
lecheck/rerunfilecheck.sty
Package: rerunfilecheck 2019/12/05 v1.9 Rerun checks for auxiliary files (HO)

(/stornext/Home/data/allstaff/b/baldoni.p/.TinyTeX/texmf-dist/tex/generic/uniqu
ecounter/uniquecounter.sty
Package: uniquecounter 2019/12/15 v1.4 Provide unlimited unique counter (HO)
)
Package uniquecounter Info: New unique counter `rerunfilecheck' on input line 2
86.
)
\Hy@SectionHShift=\skip53
)
(/stornext/Home/data/allstaff/b/baldoni.p/.TinyTeX/texmf-dist/tex/latex/geometr
y/geometry.sty
Package: geometry 2020/01/02 v5.9 Page Geometry

(/stornext/Home/data/allstaff/b/baldoni.p/.TinyTeX/texmf-dist/tex/generic/iftex
/ifvtex.sty
Package: ifvtex 2019/10/25 v1.7 ifvtex legacy package. Use iftex instead.
)
\Gm@cnth=\count278
\Gm@cntv=\count279
\c@Gm@tempcnt=\count280
\Gm@bindingoffset=\dimen153
\Gm@wd@mp=\dimen154
\Gm@odd@mp=\dimen155
\Gm@even@mp=\dimen156
\Gm@layoutwidth=\dimen157
\Gm@layoutheight=\dimen158
\Gm@layouthoffset=\dimen159
\Gm@layoutvoffset=\dimen160
\Gm@dimlist=\toks25
)
(/stornext/Home/data/allstaff/b/baldoni.p/.TinyTeX/texmf-dist/tex/latex/graphic
s/graphicx.sty
Package: graphicx 2020/09/09 v1.2b Enhanced LaTeX Graphics (DPC,SPQR)

(/stornext/Home/data/allstaff/b/baldoni.p/.TinyTeX/texmf-dist/tex/latex/graphic
s/graphics.sty
Package: graphics 2020/08/30 v1.4c Standard LaTeX Graphics (DPC,SPQR)

(/stornext/Home/data/allstaff/b/baldoni.p/.TinyTeX/texmf-dist/tex/latex/graphic
s/trig.sty
Package: trig 2016/01/03 v1.10 sin cos tan (DPC)
)
(/stornext/Home/data/allstaff/b/baldoni.p/.TinyTeX/texmf-dist/tex/latex/graphic
s-cfg/graphics.cfg
File: graphics.cfg 2016/06/04 v1.11 sample graphics configuration
)
Package graphics Info: Driver file: pdftex.def on input line 105.
)
\Gin@req@height=\dimen161
\Gin@req@width=\dimen162
)
(/stornext/Home/data/allstaff/b/baldoni.p/.TinyTeX/texmf-dist/tex/latex/grffile
/grffile.sty
Package: grffile 2019/11/11 v2.1 Extended file name support for graphics (legac
y)
Package grffile Info: This package is an empty stub for compatibility on input 
line 40.
)
(/stornext/Home/data/allstaff/b/baldoni.p/.TinyTeX/texmf-dist/tex/latex/l3backe
nd/l3backend-pdftex.def
File: l3backend-pdftex.def 2021-03-02 L3 backend support: PDF output (pdfTeX)
\l__color_backend_stack_int=\count281
\l__pdf_internal_box=\box49
) (./letter.aux)
\openout1 = `letter.aux'.

LaTeX Font Info:    Checking defaults for OML/cmm/m/it on input line 68.
LaTeX Font Info:    ... okay on input line 68.
LaTeX Font Info:    Checking defaults for OMS/cmsy/m/n on input line 68.
LaTeX Font Info:    ... okay on input line 68.
LaTeX Font Info:    Checking defaults for OT1/cmr/m/n on input line 68.
LaTeX Font Info:    ... okay on input line 68.
LaTeX Font Info:    Checking defaults for T1/cmr/m/n on input line 68.
LaTeX Font Info:    ... okay on input line 68.
LaTeX Font Info:    Checking defaults for TS1/cmr/m/n on input line 68.
LaTeX Font Info:    ... okay on input line 68.
LaTeX Font Info:    Checking defaults for OMX/cmex/m/n on input line 68.
LaTeX Font Info:    ... okay on input line 68.
LaTeX Font Info:    Checking defaults for U/cmr/m/n on input line 68.
LaTeX Font Info:    ... okay on input line 68.
LaTeX Font Info:    Checking defaults for PD1/pdf/m/n on input line 68.
LaTeX Font Info:    ... okay on input line 68.
LaTeX Font Info:    Checking defaults for PU/pdf/m/n on input line 68.
LaTeX Font Info:    ... okay on input line 68.
LaTeX Info: Redefining \microtypecontext on input line 68.
Package microtype Info: Generating PDF output.
Package microtype Info: Character protrusion enabled (level 2).
Package microtype Info: Using protrusion set `basicmath'.
Package microtype Info: Automatic font expansion enabled (level 2),
(microtype)             stretch: 20, shrink: 20, step: 1, non-selected.
Package microtype Info: Using default expansion set `alltext-nott'.
LaTeX Info: Redefining \showhyphens on input line 68.
Package microtype Info: No adjustment of tracking.
Package microtype Info: No adjustment of interword spacing.
Package microtype Info: No adjustment of character kerning.

(/stornext/Home/data/allstaff/b/baldoni.p/.TinyTeX/texmf-dist/tex/latex/microty
pe/mt-cmr.cfg
File: mt-cmr.cfg 2013/05/19 v2.2 microtype config. file: Computer Modern Roman 
(RS)
)
(/stornext/Home/data/allstaff/b/baldoni.p/.TinyTeX/texmf-dist/tex/latex/epstopd
f-pkg/epstopdf-base.sty
Package: epstopdf-base 2020-01-24 v2.11 Base part for package epstopdf
Package epstopdf-base Info: Redefining graphics rule for `.eps' on input line 4
85.

(/stornext/Home/data/allstaff/b/baldoni.p/.TinyTeX/texmf-dist/tex/latex/latexco
nfig/epstopdf-sys.cfg
File: epstopdf-sys.cfg 2010/07/13 v1.3 Configuration of (r)epstopdf for TeX Liv
e
))
Package hyperref Info: Link coloring OFF on input line 68.

(/stornext/Home/data/allstaff/b/baldoni.p/.TinyTeX/texmf-dist/tex/latex/hyperre
f/nameref.sty
Package: nameref 2021-04-02 v2.47 Cross-referencing by name of section

(/stornext/Home/data/allstaff/b/baldoni.p/.TinyTeX/texmf-dist/tex/latex/refcoun
t/refcount.sty
Package: refcount 2019/12/15 v3.6 Data extraction from label references (HO)
)
(/stornext/Home/data/allstaff/b/baldoni.p/.TinyTeX/texmf-dist/tex/generic/getti
tlestring/gettitlestring.sty
Package: gettitlestring 2019/12/15 v1.6 Cleanup title references (HO)
)
\c@section@level=\count282
)
LaTeX Info: Redefining \ref on input line 68.
LaTeX Info: Redefining \pageref on input line 68.
LaTeX Info: Redefining \nameref on input line 68.
(./letter.out) (./letter.out)
\@outlinefile=\write3
\openout3 = `letter.out'.

*geometry* driver: auto-detecting
*geometry* detected driver: pdftex
*geometry* verbose mode - [ preamble ] result:
* driver: pdftex
* paper: <default>
* layout: <same size as paper>
* layoutoffset:(h,v)=(0.0pt,0.0pt)
* modes: 
* h-part:(L,W,R)=(72.26999pt, 469.75502pt, 72.26999pt)
* v-part:(T,H,B)=(72.26999pt, 650.43001pt, 72.26999pt)
* \paperwidth=614.295pt
* \paperheight=794.96999pt
* \textwidth=469.75502pt
* \textheight=650.43001pt
* \oddsidemargin=0.0pt
* \evensidemargin=0.0pt
* \topmargin=-37.0pt
* \headheight=12.0pt
* \headsep=25.0pt
* \topskip=10.0pt
* \footskip=30.0pt
* \marginparwidth=65.0pt
* \marginparsep=11.0pt
* \columnsep=10.0pt
* \skip\footins=9.0pt plus 4.0pt minus 2.0pt
* \hoffset=0.0pt
* \voffset=0.0pt
* \mag=1000
* \@twocolumnfalse
* \@twosidefalse
* \@mparswitchfalse
* \@reversemarginfalse
* (1in=72.27pt=25.4mm, 1cm=28.453pt)

LaTeX Font Info:    Trying to load font information for OT1+lmr on input line 7
0.

(/stornext/Home/data/allstaff/b/baldoni.p/.TinyTeX/texmf-dist/tex/latex/lm/ot1l
mr.fd
File: ot1lmr.fd 2009/10/30 v1.6 Font defs for Latin Modern
)
LaTeX Font Info:    Trying to load font information for OML+lmm on input line 7
0.

(/stornext/Home/data/allstaff/b/baldoni.p/.TinyTeX/texmf-dist/tex/latex/lm/omll
mm.fd
File: omllmm.fd 2009/10/30 v1.6 Font defs for Latin Modern
)
LaTeX Font Info:    Trying to load font information for OMS+lmsy on input line 
70.

(/stornext/Home/data/allstaff/b/baldoni.p/.TinyTeX/texmf-dist/tex/latex/lm/omsl
msy.fd
File: omslmsy.fd 2009/10/30 v1.6 Font defs for Latin Modern
)
LaTeX Font Info:    Trying to load font information for OMX+lmex on input line 
70.

(/stornext/Home/data/allstaff/b/baldoni.p/.TinyTeX/texmf-dist/tex/latex/lm/omxl
mex.fd
File: omxlmex.fd 2009/10/30 v1.6 Font defs for Latin Modern
)
LaTeX Font Info:    External font `lmex10' loaded for size
(Font)              <12> on input line 70.
LaTeX Font Info:    External font `lmex10' loaded for size
(Font)              <8> on input line 70.
LaTeX Font Info:    External font `lmex10' loaded for size
(Font)              <6> on input line 70.
LaTeX Font Info:    Trying to load font information for U+msa on input line 70.


(/stornext/Home/data/allstaff/b/baldoni.p/.TinyTeX/texmf-dist/tex/latex/amsfont
s/umsa.fd
File: umsa.fd 2013/01/14 v3.01 AMS symbols A
)
(/stornext/Home/data/allstaff/b/baldoni.p/.TinyTeX/texmf-dist/tex/latex/microty
pe/mt-msa.cfg
File: mt-msa.cfg 2006/02/04 v1.1 microtype config. file: AMS symbols (a) (RS)
)
LaTeX Font Info:    Trying to load font information for U+msb on input line 70.


(/stornext/Home/data/allstaff/b/baldoni.p/.TinyTeX/texmf-dist/tex/latex/amsfont
s/umsb.fd
File: umsb.fd 2013/01/14 v3.01 AMS symbols B
)
(/stornext/Home/data/allstaff/b/baldoni.p/.TinyTeX/texmf-dist/tex/latex/microty
pe/mt-msb.cfg
File: mt-msb.cfg 2005/06/01 v1.0 microtype config. file: AMS symbols (b) (RS)
)
LaTeX Font Info:    External font `lmex10' loaded for size
(Font)              <10> on input line 119.
LaTeX Font Info:    External font `lmex10' loaded for size
(Font)              <7> on input line 119.
LaTeX Font Info:    External font `lmex10' loaded for size
(Font)              <5> on input line 119.
[1

{/stornext/Home/data/allstaff/b/baldoni.p/.TinyTeX/texmf-var/fonts/map/pdftex/u
pdmap/pdftex.map}]
Overfull \hbox (27.21938pt too wide) detected at line 167
\OML/lmm/m/it/10 Q[] [] \OT1/lmr/m/n/10 = [] \OML/lmm/m/it/10 Pr [] [] Pr\OT1/l
mr/m/n/10 (\OML/lmm/m/it/10 W[] \OT1/lmr/m/n/10 = 1\OMS/lmsy/m/n/10 j\OML/lmm/m
/it/10 Z[] \OT1/lmr/m/n/10 = 2\OML/lmm/m/it/10 ; \OT1/lmr/bx/n/10 y[]\OML/lmm/m
/it/10 ; \OT1/lmr/bx/n/10 x\OT1/lmr/m/n/10 ; [][])\OML/lmm/m/it/10 ^^N[] [] f[]
 [] ; []
 []

[2] [3]

LaTeX Warning: Citation `ji2013differential' on page 4 undefined on input line 
340.

<Fig_RNAseq_Screenshot.pdf, id=44, 542.025pt x 237.88875pt>
File: Fig_RNAseq_Screenshot.pdf Graphic file (type pdf)
<use Fig_RNAseq_Screenshot.pdf>
Package pdftex.def Info: Fig_RNAseq_Screenshot.pdf  used on input line 353.
(pdftex.def)             Requested size: 469.77148pt x 206.17747pt.
<Fig_RNAseq_Screenshot2.pdf, id=45, 542.025pt x 219.82124pt>
File: Fig_RNAseq_Screenshot2.pdf Graphic file (type pdf)
<use Fig_RNAseq_Screenshot2.pdf>
Package pdftex.def Info: Fig_RNAseq_Screenshot2.pdf  used on input line 360.
(pdftex.def)             Requested size: 469.77148pt x 190.51842pt.
[4] [5 <./Fig_RNAseq_Screenshot.pdf> <./Fig_RNAseq_Screenshot2.pdf>] [6] [7] [8
] [9]
<Fig_RNAseq_Screenshot3.pdf, id=112, 542.025pt x 219.82124pt>
File: Fig_RNAseq_Screenshot3.pdf Graphic file (type pdf)
<use Fig_RNAseq_Screenshot3.pdf>
Package pdftex.def Info: Fig_RNAseq_Screenshot3.pdf  used on input line 725.
(pdftex.def)             Requested size: 469.77148pt x 190.51842pt.
<Fig_RNAseq_Screenshot4.pdf, id=113, 542.025pt x 219.82124pt>
File: Fig_RNAseq_Screenshot4.pdf Graphic file (type pdf)
<use Fig_RNAseq_Screenshot4.pdf>
Package pdftex.def Info: Fig_RNAseq_Screenshot4.pdf  used on input line 733.
(pdftex.def)             Requested size: 469.77148pt x 190.51842pt.
[10 <./Fig_RNAseq_Screenshot3.pdf> <./Fig_RNAseq_Screenshot4.pdf>] [11] (./lett
er.aux)

LaTeX Warning: There were undefined references.

Package rerunfilecheck Info: File `letter.out' has not changed.
(rerunfilecheck)             Checksum: 5D969189482B2D57E0FFEBFB6ED8D019;291.
 ) 
Here is how much of TeX's memory you used:
 12064 strings out of 480971
 183644 string characters out of 5905316
 527346 words of memory out of 5000000
 28830 multiletter control sequences out of 15000+600000
 487701 words of font info for 184 fonts, out of 8000000 for 9000
 14 hyphenation exceptions out of 8191
 71i,8n,74p,511b,393s stack positions out of 5000i,500n,10000p,200000b,80000s
{/stornext/Home/data/allstaff/b/baldoni.p/.TinyTeX/texmf-dist/fonts/enc/dvips
/lm/lm-ec.enc}{/stornext/Home/data/allstaff/b/baldoni.p/.TinyTeX/texmf-dist/fon
ts/enc/dvips/lm/lm-rm.enc}{/stornext/Home/data/allstaff/b/baldoni.p/.TinyTeX/te
xmf-dist/fonts/enc/dvips/lm/lm-mathsy.enc}{/stornext/Home/data/allstaff/b/baldo
ni.p/.TinyTeX/texmf-dist/fonts/enc/dvips/lm/lm-mathit.enc}{/stornext/Home/data/
allstaff/b/baldoni.p/.TinyTeX/texmf-dist/fonts/enc/dvips/lm/lm-mathex.enc}</sto
rnext/Home/data/allstaff/b/baldoni.p/.TinyTeX/texmf-dist/fonts/type1/public/lm/
lmbx10.pfb></stornext/Home/data/allstaff/b/baldoni.p/.TinyTeX/texmf-dist/fonts/
type1/public/lm/lmbx12.pfb></stornext/Home/data/allstaff/b/baldoni.p/.TinyTeX/t
exmf-dist/fonts/type1/public/lm/lmex10.pfb></stornext/Home/data/allstaff/b/bald
oni.p/.TinyTeX/texmf-dist/fonts/type1/public/lm/lmmi10.pfb></stornext/Home/data
/allstaff/b/baldoni.p/.TinyTeX/texmf-dist/fonts/type1/public/lm/lmmi7.pfb></sto
rnext/Home/data/allstaff/b/baldoni.p/.TinyTeX/texmf-dist/fonts/type1/public/lm/
lmmib10.pfb></stornext/Home/data/allstaff/b/baldoni.p/.TinyTeX/texmf-dist/fonts
/type1/public/lm/lmr10.pfb></stornext/Home/data/allstaff/b/baldoni.p/.TinyTeX/t
exmf-dist/fonts/type1/public/lm/lmr12.pfb></stornext/Home/data/allstaff/b/baldo
ni.p/.TinyTeX/texmf-dist/fonts/type1/public/lm/lmr17.pfb></stornext/Home/data/a
llstaff/b/baldoni.p/.TinyTeX/texmf-dist/fonts/type1/public/lm/lmr6.pfb></storne
xt/Home/data/allstaff/b/baldoni.p/.TinyTeX/texmf-dist/fonts/type1/public/lm/lmr
7.pfb></stornext/Home/data/allstaff/b/baldoni.p/.TinyTeX/texmf-dist/fonts/type1
/public/lm/lmr8.pfb></stornext/Home/data/allstaff/b/baldoni.p/.TinyTeX/texmf-di
st/fonts/type1/public/lm/lmri10.pfb></stornext/Home/data/allstaff/b/baldoni.p/.
TinyTeX/texmf-dist/fonts/type1/public/lm/lmsy10.pfb>
Output written on letter.pdf (11 pages, 412236 bytes).
PDF statistics:
 193 PDF objects out of 1000 (max. 8388607)
 160 compressed objects within 2 object streams
 26 named destinations out of 1000 (max. 500000)
 45101 words of extra memory for PDF output out of 51595 (max. 10000000)

