This is pdfTeX, Version 3.1415926-2.5-1.40.14 (TeX Live 2013) (format=pdflatex 2020.9.14)  20 FEB 2021 03:30
entering extended mode
 restricted \write18 enabled.
 %&-line parsing enabled.
**webappendix.tex
(./webappendix.tex
LaTeX2e <2011/06/27>
Babel <v3.8m> and hyphenation patterns for english, dumylang, nohyphenation, uk
rainian, russian, bulgarian, loaded.
(/usr/share/texlive/texmf-dist/tex/latex/base/book.cls
Document Class: book 2007/10/19 v1.4h Standard LaTeX document class
(/usr/share/texlive/texmf-dist/tex/latex/base/bk12.clo
File: bk12.clo 2007/10/19 v1.4h Standard LaTeX file (size option)
)
\c@part=\count79
\c@chapter=\count80
\c@section=\count81
\c@subsection=\count82
\c@subsubsection=\count83
\c@paragraph=\count84
\c@subparagraph=\count85
\c@figure=\count86
\c@table=\count87
\abovecaptionskip=\skip41
\belowcaptionskip=\skip42
\bibindent=\dimen102
)
(/usr/share/texlive/texmf-dist/tex/latex/graphics/graphicx.sty
Package: graphicx 1999/02/16 v1.0f Enhanced LaTeX Graphics (DPC,SPQR)

(/usr/share/texlive/texmf-dist/tex/latex/graphics/keyval.sty
Package: keyval 1999/03/16 v1.13 key=value parser (DPC)
\KV@toks@=\toks14
)
(/usr/share/texlive/texmf-dist/tex/latex/graphics/graphics.sty
Package: graphics 2009/02/05 v1.0o Standard LaTeX Graphics (DPC,SPQR)

(/usr/share/texlive/texmf-dist/tex/latex/graphics/trig.sty
Package: trig 1999/03/16 v1.09 sin cos tan (DPC)
)
(/usr/share/texlive/texmf-dist/tex/latex/latexconfig/graphics.cfg
File: graphics.cfg 2010/04/23 v1.9 graphics configuration of TeX Live
)
Package graphics Info: Driver file: pdftex.def on input line 91.

(/usr/share/texlive/texmf-dist/tex/latex/pdftex-def/pdftex.def
File: pdftex.def 2011/05/27 v0.06d Graphics/color for pdfTeX

(/usr/share/texlive/texmf-dist/tex/generic/oberdiek/infwarerr.sty
Package: infwarerr 2010/04/08 v1.3 Providing info/warning/error messages (HO)
)
(/usr/share/texlive/texmf-dist/tex/generic/oberdiek/ltxcmds.sty
Package: ltxcmds 2011/11/09 v1.22 LaTeX kernel commands for general use (HO)
)
\Gread@gobject=\count88
))
\Gin@req@height=\dimen103
\Gin@req@width=\dimen104
)
(/usr/share/texlive/texmf-dist/tex/latex/graphics/color.sty
Package: color 2005/11/14 v1.0j Standard LaTeX Color (DPC)

(/usr/share/texlive/texmf-dist/tex/latex/latexconfig/color.cfg
File: color.cfg 2007/01/18 v1.5 color configuration of teTeX/TeXLive
)
Package color Info: Driver file: pdftex.def on input line 130.
)
(/usr/share/texlive/texmf-dist/tex/latex/framed/framed.sty
Package: framed 2011/10/22 v 0.96: framed or shaded text with page breaks
\OuterFrameSep=\skip43
\fb@frw=\dimen105
\fb@frh=\dimen106
\FrameRule=\dimen107
\FrameSep=\dimen108
)
(/usr/share/texlive/texmf-dist/tex/latex/base/alltt.sty
Package: alltt 1997/06/16 v2.0g defines alltt environment
)
(/usr/share/texlive/texmf-dist/tex/latex/amsmath/amsmath.sty
Package: amsmath 2013/01/14 v2.14 AMS math features
\@mathmargin=\skip44

For additional information on amsmath, use the `?' option.
(/usr/share/texlive/texmf-dist/tex/latex/amsmath/amstext.sty
Package: amstext 2000/06/29 v2.01

(/usr/share/texlive/texmf-dist/tex/latex/amsmath/amsgen.sty
File: amsgen.sty 1999/11/30 v2.0
\@emptytoks=\toks15
\ex@=\dimen109
))
(/usr/share/texlive/texmf-dist/tex/latex/amsmath/amsbsy.sty
Package: amsbsy 1999/11/29 v1.2d
\pmbraise@=\dimen110
)
(/usr/share/texlive/texmf-dist/tex/latex/amsmath/amsopn.sty
Package: amsopn 1999/12/14 v2.01 operator names
)
\inf@bad=\count89
LaTeX Info: Redefining \frac on input line 210.
\uproot@=\count90
\leftroot@=\count91
LaTeX Info: Redefining \overline on input line 306.
\classnum@=\count92
\DOTSCASE@=\count93
LaTeX Info: Redefining \ldots on input line 378.
LaTeX Info: Redefining \dots on input line 381.
LaTeX Info: Redefining \cdots on input line 466.
\Mathstrutbox@=\box26
\strutbox@=\box27
\big@size=\dimen111
LaTeX Font Info:    Redeclaring font encoding OML on input line 566.
LaTeX Font Info:    Redeclaring font encoding OMS on input line 567.
\macc@depth=\count94
\c@MaxMatrixCols=\count95
\dotsspace@=\muskip10
\c@parentequation=\count96
\dspbrk@lvl=\count97
\tag@help=\toks16
\row@=\count98
\column@=\count99
\maxfields@=\count100
\andhelp@=\toks17
\eqnshift@=\dimen112
\alignsep@=\dimen113
\tagshift@=\dimen114
\tagwidth@=\dimen115
\totwidth@=\dimen116
\lineht@=\dimen117
\@envbody=\toks18
\multlinegap=\skip45
\multlinetaggap=\skip46
\mathdisplay@stack=\toks19
LaTeX Info: Redefining \[ on input line 2665.
LaTeX Info: Redefining \] on input line 2666.
)
(/usr/share/texlive/texmf-dist/tex/latex/psfrag/psfrag.sty
Package: psfrag 1998/04/11 v3.04 PSfrag (MCG)
\pfg@pcount=\count101
\pfg@scount=\count102
\pfg@temp=\write3
)
(/usr/share/texlive/texmf-dist/tex/generic/epsf/epsf.sty
This is `epsf.tex' v2.7.4 <14 February 2011>
\epsffilein=\read1
\epsfframemargin=\dimen118
\epsfframethickness=\dimen119
\epsfrsize=\dimen120
\epsftmp=\dimen121
\epsftsize=\dimen122
\epsfxsize=\dimen123
\epsfysize=\dimen124
\pspoints=\dimen125
) (/usr/share/texlive/texmf-dist/tex/latex/placeins/placeins.sty
Package: placeins 2005/04/18  v 2.2
)
(/usr/share/texlive/texmf-dist/tex/latex/tools/enumerate.sty
Package: enumerate 1999/03/05 v3.00 enumerate extensions (DPC)
\@enLab=\toks20
)
(/usr/share/texlive/texmf-dist/tex/latex/tools/verbatim.sty
Package: verbatim 2003/08/22 v1.5q LaTeX2e package for verbatim enhancements
\every@verbatim=\toks21
\verbatim@line=\toks22
\verbatim@in@stream=\read2
)
(/usr/share/texlive/texmf-dist/tex/latex/multirow/multirow.sty
\bigstrutjot=\dimen126
)
(/usr/share/texlive/texmf-dist/tex/latex/mh/mathtools.sty
Package: mathtools 2013/02/12 v1.13 mathematical typesetting tools

(/usr/share/texlive/texmf-dist/tex/latex/tools/calc.sty
Package: calc 2007/08/22 v4.3 Infix arithmetic (KKT,FJ)
\calc@Acount=\count103
\calc@Bcount=\count104
\calc@Adimen=\dimen127
\calc@Bdimen=\dimen128
\calc@Askip=\skip47
\calc@Bskip=\skip48
LaTeX Info: Redefining \setlength on input line 76.
LaTeX Info: Redefining \addtolength on input line 77.
\calc@Ccount=\count105
\calc@Cskip=\skip49
)
(/usr/share/texlive/texmf-dist/tex/latex/mh/mhsetup.sty
Package: mhsetup 2010/01/21 v1.2a programming setup (MH)
)
LaTeX Info: Thecontrolsequence`\['isalreadyrobust on input line 129.
LaTeX Info: Thecontrolsequence`\]'isalreadyrobust on input line 129.
\g_MT_multlinerow_int=\count106
\l_MT_multwidth_dim=\dimen129
\origjot=\skip50
\l_MT_shortvdotswithinadjustabove_dim=\dimen130
\l_MT_shortvdotswithinadjustbelow_dim=\dimen131
\l_MT_above_intertext_sep=\dimen132
\l_MT_below_intertext_sep=\dimen133
\l_MT_above_shortintertext_sep=\dimen134
\l_MT_below_shortintertext_sep=\dimen135
)
(/usr/share/texlive/texmf-dist/tex/latex/amsfonts/amsfonts.sty
Package: amsfonts 2013/01/14 v3.01 Basic AMSFonts support
\symAMSa=\mathgroup4
\symAMSb=\mathgroup5
LaTeX Font Info:    Overwriting math alphabet `\mathfrak' in version `bold'
(Font)                  U/euf/m/n --> U/euf/b/n on input line 106.
)
(/usr/share/texlive/texmf-dist/tex/latex/threeparttable/threeparttable.sty
Package: threeparttable 2003/06/13  v 3.0
\@tempboxb=\box28
)
(/usr/share/texlive/texmf-dist/tex/latex/pgf/frontendlayer/tikz.sty
(/usr/share/texlive/texmf-dist/tex/latex/pgf/basiclayer/pgf.sty
(/usr/share/texlive/texmf-dist/tex/latex/pgf/utilities/pgfrcs.sty
(/usr/share/texlive/texmf-dist/tex/generic/pgf/utilities/pgfutil-common.tex
\pgfutil@everybye=\toks23
)
(/usr/share/texlive/texmf-dist/tex/generic/pgf/utilities/pgfutil-latex.def
\pgfutil@abb=\box29

(/usr/share/texlive/texmf-dist/tex/latex/ms/everyshi.sty
Package: everyshi 2001/05/15 v3.00 EveryShipout Package (MS)
))
(/usr/share/texlive/texmf-dist/tex/generic/pgf/utilities/pgfrcs.code.tex
Package: pgfrcs 2010/10/25 v2.10 (rcs-revision 1.24)
))
Package: pgf 2008/01/15 v2.10 (rcs-revision 1.12)

(/usr/share/texlive/texmf-dist/tex/latex/pgf/basiclayer/pgfcore.sty
(/usr/share/texlive/texmf-dist/tex/latex/pgf/systemlayer/pgfsys.sty
(/usr/share/texlive/texmf-dist/tex/generic/pgf/systemlayer/pgfsys.code.tex
Package: pgfsys 2010/06/30 v2.10 (rcs-revision 1.37)

(/usr/share/texlive/texmf-dist/tex/generic/pgf/utilities/pgfkeys.code.tex
\pgfkeys@pathtoks=\toks24
\pgfkeys@temptoks=\toks25

(/usr/share/texlive/texmf-dist/tex/generic/pgf/utilities/pgfkeysfiltered.code.t
ex
\pgfkeys@tmptoks=\toks26
))
\pgf@x=\dimen136
\pgf@y=\dimen137
\pgf@xa=\dimen138
\pgf@ya=\dimen139
\pgf@xb=\dimen140
\pgf@yb=\dimen141
\pgf@xc=\dimen142
\pgf@yc=\dimen143
\w@pgf@writea=\write4
\r@pgf@reada=\read3
\c@pgf@counta=\count107
\c@pgf@countb=\count108
\c@pgf@countc=\count109
\c@pgf@countd=\count110
 (/usr/share/texlive/texmf-dist/tex/generic/pgf/systemlayer/pgf.cfg
File: pgf.cfg 2008/05/14  (rcs-revision 1.7)
)
Package pgfsys Info: Driver file for pgf: pgfsys-pdftex.def on input line 900.

(/usr/share/texlive/texmf-dist/tex/generic/pgf/systemlayer/pgfsys-pdftex.def
File: pgfsys-pdftex.def 2009/05/22  (rcs-revision 1.26)

(/usr/share/texlive/texmf-dist/tex/generic/pgf/systemlayer/pgfsys-common-pdf.de
f
File: pgfsys-common-pdf.def 2008/05/19  (rcs-revision 1.10)
)))
(/usr/share/texlive/texmf-dist/tex/generic/pgf/systemlayer/pgfsyssoftpath.code.
tex
File: pgfsyssoftpath.code.tex 2008/07/18  (rcs-revision 1.7)
\pgfsyssoftpath@smallbuffer@items=\count111
\pgfsyssoftpath@bigbuffer@items=\count112
)
(/usr/share/texlive/texmf-dist/tex/generic/pgf/systemlayer/pgfsysprotocol.code.
tex
File: pgfsysprotocol.code.tex 2006/10/16  (rcs-revision 1.4)
)) (/usr/share/texlive/texmf-dist/tex/latex/xcolor/xcolor.sty
Package: xcolor 2007/01/21 v2.11 LaTeX color extensions (UK)

(/usr/share/texlive/texmf-dist/tex/latex/latexconfig/color.cfg
File: color.cfg 2007/01/18 v1.5 color configuration of teTeX/TeXLive
)
Package xcolor Info: Driver file: pdftex.def on input line 225.
LaTeX Info: Redefining \color on input line 702.
Package xcolor Info: Model `cmy' substituted by `cmy0' on input line 1337.
Package xcolor Info: Model `hsb' substituted by `rgb' on input line 1341.
Package xcolor Info: Model `RGB' extended on input line 1353.
Package xcolor Info: Model `HTML' substituted by `rgb' on input line 1355.
Package xcolor Info: Model `Hsb' substituted by `hsb' on input line 1356.
Package xcolor Info: Model `tHsb' substituted by `hsb' on input line 1357.
Package xcolor Info: Model `HSB' substituted by `hsb' on input line 1358.
Package xcolor Info: Model `Gray' substituted by `gray' on input line 1359.
Package xcolor Info: Model `wave' substituted by `hsb' on input line 1360.
)
(/usr/share/texlive/texmf-dist/tex/generic/pgf/basiclayer/pgfcore.code.tex
Package: pgfcore 2010/04/11 v2.10 (rcs-revision 1.7)

(/usr/share/texlive/texmf-dist/tex/generic/pgf/math/pgfmath.code.tex
(/usr/share/texlive/texmf-dist/tex/generic/pgf/math/pgfmathcalc.code.tex
(/usr/share/texlive/texmf-dist/tex/generic/pgf/math/pgfmathutil.code.tex)
(/usr/share/texlive/texmf-dist/tex/generic/pgf/math/pgfmathparser.code.tex
\pgfmath@dimen=\dimen144
\pgfmath@count=\count113
\pgfmath@box=\box30
\pgfmath@toks=\toks27
\pgfmath@stack@operand=\toks28
\pgfmath@stack@operation=\toks29
)
(/usr/share/texlive/texmf-dist/tex/generic/pgf/math/pgfmathfunctions.code.tex
(/usr/share/texlive/texmf-dist/tex/generic/pgf/math/pgfmathfunctions.basic.code
.tex)
(/usr/share/texlive/texmf-dist/tex/generic/pgf/math/pgfmathfunctions.trigonomet
ric.code.tex)
(/usr/share/texlive/texmf-dist/tex/generic/pgf/math/pgfmathfunctions.random.cod
e.tex)
(/usr/share/texlive/texmf-dist/tex/generic/pgf/math/pgfmathfunctions.comparison
.code.tex)
(/usr/share/texlive/texmf-dist/tex/generic/pgf/math/pgfmathfunctions.base.code.
tex)
(/usr/share/texlive/texmf-dist/tex/generic/pgf/math/pgfmathfunctions.round.code
.tex)
(/usr/share/texlive/texmf-dist/tex/generic/pgf/math/pgfmathfunctions.misc.code.
tex)))
(/usr/share/texlive/texmf-dist/tex/generic/pgf/math/pgfmathfloat.code.tex
\c@pgfmathroundto@lastzeros=\count114
))
(/usr/share/texlive/texmf-dist/tex/generic/pgf/basiclayer/pgfcorepoints.code.te
x
File: pgfcorepoints.code.tex 2010/04/09  (rcs-revision 1.20)
\pgf@picminx=\dimen145
\pgf@picmaxx=\dimen146
\pgf@picminy=\dimen147
\pgf@picmaxy=\dimen148
\pgf@pathminx=\dimen149
\pgf@pathmaxx=\dimen150
\pgf@pathminy=\dimen151
\pgf@pathmaxy=\dimen152
\pgf@xx=\dimen153
\pgf@xy=\dimen154
\pgf@yx=\dimen155
\pgf@yy=\dimen156
\pgf@zx=\dimen157
\pgf@zy=\dimen158
)
(/usr/share/texlive/texmf-dist/tex/generic/pgf/basiclayer/pgfcorepathconstruct.
code.tex
File: pgfcorepathconstruct.code.tex 2010/08/03  (rcs-revision 1.24)
\pgf@path@lastx=\dimen159
\pgf@path@lasty=\dimen160
)
(/usr/share/texlive/texmf-dist/tex/generic/pgf/basiclayer/pgfcorepathusage.code
.tex
File: pgfcorepathusage.code.tex 2008/04/22  (rcs-revision 1.12)
\pgf@shorten@end@additional=\dimen161
\pgf@shorten@start@additional=\dimen162
)
(/usr/share/texlive/texmf-dist/tex/generic/pgf/basiclayer/pgfcorescopes.code.te
x
File: pgfcorescopes.code.tex 2010/09/08  (rcs-revision 1.34)
\pgfpic=\box31
\pgf@hbox=\box32
\pgf@layerbox@main=\box33
\pgf@picture@serial@count=\count115
)
(/usr/share/texlive/texmf-dist/tex/generic/pgf/basiclayer/pgfcoregraphicstate.c
ode.tex
File: pgfcoregraphicstate.code.tex 2008/04/22  (rcs-revision 1.9)
\pgflinewidth=\dimen163
)
(/usr/share/texlive/texmf-dist/tex/generic/pgf/basiclayer/pgfcoretransformation
s.code.tex
File: pgfcoretransformations.code.tex 2009/06/10  (rcs-revision 1.11)
\pgf@pt@x=\dimen164
\pgf@pt@y=\dimen165
\pgf@pt@temp=\dimen166
)
(/usr/share/texlive/texmf-dist/tex/generic/pgf/basiclayer/pgfcorequick.code.tex
File: pgfcorequick.code.tex 2008/10/09  (rcs-revision 1.3)
)
(/usr/share/texlive/texmf-dist/tex/generic/pgf/basiclayer/pgfcoreobjects.code.t
ex
File: pgfcoreobjects.code.tex 2006/10/11  (rcs-revision 1.2)
)
(/usr/share/texlive/texmf-dist/tex/generic/pgf/basiclayer/pgfcorepathprocessing
.code.tex
File: pgfcorepathprocessing.code.tex 2008/10/09  (rcs-revision 1.8)
)
(/usr/share/texlive/texmf-dist/tex/generic/pgf/basiclayer/pgfcorearrows.code.te
x
File: pgfcorearrows.code.tex 2008/04/23  (rcs-revision 1.11)
)
(/usr/share/texlive/texmf-dist/tex/generic/pgf/basiclayer/pgfcoreshade.code.tex
File: pgfcoreshade.code.tex 2008/11/23  (rcs-revision 1.13)
\pgf@max=\dimen167
\pgf@sys@shading@range@num=\count116
)
(/usr/share/texlive/texmf-dist/tex/generic/pgf/basiclayer/pgfcoreimage.code.tex
File: pgfcoreimage.code.tex 2010/03/25  (rcs-revision 1.16)

(/usr/share/texlive/texmf-dist/tex/generic/pgf/basiclayer/pgfcoreexternal.code.
tex
File: pgfcoreexternal.code.tex 2010/09/01  (rcs-revision 1.17)
\pgfexternal@startupbox=\box34
))
(/usr/share/texlive/texmf-dist/tex/generic/pgf/basiclayer/pgfcorelayers.code.te
x
File: pgfcorelayers.code.tex 2010/08/27  (rcs-revision 1.2)
)
(/usr/share/texlive/texmf-dist/tex/generic/pgf/basiclayer/pgfcoretransparency.c
ode.tex
File: pgfcoretransparency.code.tex 2008/01/17  (rcs-revision 1.2)
)
(/usr/share/texlive/texmf-dist/tex/generic/pgf/basiclayer/pgfcorepatterns.code.
tex
File: pgfcorepatterns.code.tex 2009/07/02  (rcs-revision 1.3)
)))
(/usr/share/texlive/texmf-dist/tex/generic/pgf/modules/pgfmoduleshapes.code.tex
File: pgfmoduleshapes.code.tex 2010/09/09  (rcs-revision 1.13)
\pgfnodeparttextbox=\box35
) (/usr/share/texlive/texmf-dist/tex/generic/pgf/modules/pgfmoduleplot.code.tex
File: pgfmoduleplot.code.tex 2010/10/22  (rcs-revision 1.8)
)
(/usr/share/texlive/texmf-dist/tex/latex/pgf/compatibility/pgfcomp-version-0-65
.sty
Package: pgfcomp-version-0-65 2007/07/03 v2.10 (rcs-revision 1.7)
\pgf@nodesepstart=\dimen168
\pgf@nodesepend=\dimen169
)
(/usr/share/texlive/texmf-dist/tex/latex/pgf/compatibility/pgfcomp-version-1-18
.sty
Package: pgfcomp-version-1-18 2007/07/23 v2.10 (rcs-revision 1.1)
)) (/usr/share/texlive/texmf-dist/tex/latex/pgf/utilities/pgffor.sty
(/usr/share/texlive/texmf-dist/tex/latex/pgf/utilities/pgfkeys.sty
(/usr/share/texlive/texmf-dist/tex/generic/pgf/utilities/pgfkeys.code.tex))
(/usr/share/texlive/texmf-dist/tex/generic/pgf/utilities/pgffor.code.tex
Package: pgffor 2010/03/23 v2.10 (rcs-revision 1.18)
\pgffor@iter=\dimen170
\pgffor@skip=\dimen171
\pgffor@stack=\toks30
\pgffor@toks=\toks31
))
(/usr/share/texlive/texmf-dist/tex/generic/pgf/frontendlayer/tikz/tikz.code.tex
Package: tikz 2010/10/13 v2.10 (rcs-revision 1.76)

(/usr/share/texlive/texmf-dist/tex/generic/pgf/libraries/pgflibraryplothandlers
.code.tex
File: pgflibraryplothandlers.code.tex 2010/05/31 v2.10 (rcs-revision 1.15)
\pgf@plot@mark@count=\count117
\pgfplotmarksize=\dimen172
)
\tikz@lastx=\dimen173
\tikz@lasty=\dimen174
\tikz@lastxsaved=\dimen175
\tikz@lastysaved=\dimen176
\tikzleveldistance=\dimen177
\tikzsiblingdistance=\dimen178
\tikz@figbox=\box36
\tikz@tempbox=\box37
\tikztreelevel=\count118
\tikznumberofchildren=\count119
\tikznumberofcurrentchild=\count120
\tikz@fig@count=\count121

(/usr/share/texlive/texmf-dist/tex/generic/pgf/modules/pgfmodulematrix.code.tex
File: pgfmodulematrix.code.tex 2010/08/24  (rcs-revision 1.4)
\pgfmatrixcurrentrow=\count122
\pgfmatrixcurrentcolumn=\count123
\pgf@matrix@numberofcolumns=\count124
)
\tikz@expandcount=\count125

(/usr/share/texlive/texmf-dist/tex/generic/pgf/frontendlayer/tikz/libraries/tik
zlibrarytopaths.code.tex
File: tikzlibrarytopaths.code.tex 2008/06/17 v2.10 (rcs-revision 1.2)
)))
(/usr/share/texlive/texmf-dist/tex/latex/booktabs/booktabs.sty
Package: booktabs 2005/04/14 v1.61803 publication quality tables
\heavyrulewidth=\dimen179
\lightrulewidth=\dimen180
\cmidrulewidth=\dimen181
\belowrulesep=\dimen182
\belowbottomsep=\dimen183
\aboverulesep=\dimen184
\abovetopsep=\dimen185
\cmidrulesep=\dimen186
\cmidrulekern=\dimen187
\defaultaddspace=\dimen188
\@cmidla=\count126
\@cmidlb=\count127
\@aboverulesep=\dimen189
\@belowrulesep=\dimen190
\@thisruleclass=\count128
\@lastruleclass=\count129
\@thisrulewidth=\dimen191
)
(/usr/share/texlive/texmf-dist/tex/latex/makecell/makecell.sty
Package: makecell 2009/08/03 V0.1e Managing of Tab Column Heads and Cells

(/usr/share/texlive/texmf-dist/tex/latex/tools/array.sty
Package: array 2008/09/09 v2.4c Tabular extension package (FMi)
\col@sep=\dimen192
\extrarowheight=\dimen193
\NC@list=\toks32
\extratabsurround=\skip51
\backup@length=\skip52
)
\rotheadsize=\dimen194
\c@nlinenum=\count130
\TeXr@lab=\toks33
)
(/usr/share/texlive/texmf-dist/tex/latex/csquotes/csquotes.sty
Package: csquotes 2011/10/22 v5.1d context-sensitive quotations

(/usr/share/texlive/texmf-dist/tex/latex/etoolbox/etoolbox.sty
Package: etoolbox 2011/01/03 v2.1 e-TeX tools for LaTeX

(/usr/share/texlive/texmf-dist/tex/latex/etex-pkg/etex.sty
Package: etex 1998/03/26 v2.0 eTeX basic definition package (PEB)
\et@xins=\count131
)
\etb@tempcnta=\count132
)
\csq@reset=\count133
\csq@gtype=\count134
\csq@glevel=\count135
\csq@qlevel=\count136
\csq@maxlvl=\count137
\csq@tshold=\count138
\csq@ltx@everypar=\toks34

(/usr/share/texlive/texmf-dist/tex/latex/csquotes/csquotes.def
File: csquotes.def 2011/10/22 v5.1d csquotes generic definitions
)
Package csquotes Info: Trying to load configuration file 'csquotes.cfg'...
Package csquotes Info: ... configuration file loaded successfully.

(/usr/share/texlive/texmf-dist/tex/latex/csquotes/csquotes.cfg
File: csquotes.cfg 
))
(/usr/share/texlive/texmf-dist/tex/latex/float/float.sty
Package: float 2001/11/08 v1.3d Float enhancements (AL)
\c@float@type=\count139
\float@exts=\toks35
\float@box=\box38
\@float@everytoks=\toks36
\@floatcapt=\box39
)
(/usr/share/texlive/texmf-dist/tex/latex/caption/caption.sty
Package: caption 2013/02/03 v3.3-65 Customizing captions (AR)

(/usr/share/texlive/texmf-dist/tex/latex/caption/caption3.sty
Package: caption3 2013/02/03 v1.5-62 caption3 kernel (AR)
\captionmargin=\dimen195
\captionmargin@=\dimen196
\captionwidth=\dimen197
\caption@tempdima=\dimen198
\caption@indent=\dimen199
\caption@parindent=\dimen200
\caption@hangindent=\dimen201
)
\c@ContinuedFloat=\count140
Package caption Info: float package is loaded.
Package caption Info: threeparttable package is loaded.
)
(/usr/share/texlive/texmf-dist/tex/latex/geometry/geometry.sty
Package: geometry 2010/09/12 v5.6 Page Geometry

(/usr/share/texlive/texmf-dist/tex/generic/oberdiek/ifpdf.sty
Package: ifpdf 2011/01/30 v2.3 Provides the ifpdf switch (HO)
Package ifpdf Info: pdfTeX in PDF mode is detected.
)
(/usr/share/texlive/texmf-dist/tex/generic/oberdiek/ifvtex.sty
Package: ifvtex 2010/03/01 v1.5 Detect VTeX and its facilities (HO)
Package ifvtex Info: VTeX not detected.
)
(/usr/share/texlive/texmf-dist/tex/generic/ifxetex/ifxetex.sty
Package: ifxetex 2010/09/12 v0.6 Provides ifxetex conditional
)
\Gm@cnth=\count141
\Gm@cntv=\count142
\c@Gm@tempcnt=\count143
\Gm@bindingoffset=\dimen202
\Gm@wd@mp=\dimen203
\Gm@odd@mp=\dimen204
\Gm@even@mp=\dimen205
\Gm@layoutwidth=\dimen206
\Gm@layoutheight=\dimen207
\Gm@layouthoffset=\dimen208
\Gm@layoutvoffset=\dimen209
\Gm@dimlist=\toks37
)
(/usr/share/texlive/texmf-dist/tex/latex/titling/titling.sty
Package: titling 2009/09/04 v2.1d maketitle typesetting
\thanksmarkwidth=\skip53
\thanksmargin=\skip54
\droptitle=\skip55
)
(/usr/share/texlive/texmf-dist/tex/latex/url/url.sty
\Urlmuskip=\muskip11
Package: url 2006/04/12  ver 3.3  Verb mode for urls, etc.
)
(/usr/share/texlive/texmf-dist/tex/generic/babel/babel.sty
Package: babel 2008/07/08 v3.8m The Babel package

(/usr/share/texlive/texmf-dist/tex/generic/babel/english.ldf
Language: english 2005/03/30 v3.3o English support from the babel system

(/usr/share/texlive/texmf-dist/tex/generic/babel/babel.def
File: babel.def 2008/07/08 v3.8m Babel common definitions
\babel@savecnt=\count144
\U@D=\dimen210
)
\l@british = a dialect from \language\l@english 
\l@UKenglish = a dialect from \language\l@english 
\l@canadian = a dialect from \language\l@american 
\l@australian = a dialect from \language\l@british 
\l@newzealand = a dialect from \language\l@british 
))
(/usr/share/texlive/texmf-dist/tex/latex/hyperref/hyperref.sty
Package: hyperref 2012/11/06 v6.83m Hypertext links for LaTeX

(/usr/share/texlive/texmf-dist/tex/generic/oberdiek/hobsub-hyperref.sty
Package: hobsub-hyperref 2012/05/28 v1.13 Bundle oberdiek, subset hyperref (HO)


(/usr/share/texlive/texmf-dist/tex/generic/oberdiek/hobsub-generic.sty
Package: hobsub-generic 2012/05/28 v1.13 Bundle oberdiek, subset generic (HO)
Package: hobsub 2012/05/28 v1.13 Construct package bundles (HO)
Package hobsub Info: Skipping package `infwarerr' (already loaded).
Package hobsub Info: Skipping package `ltxcmds' (already loaded).
Package: ifluatex 2010/03/01 v1.3 Provides the ifluatex switch (HO)
Package ifluatex Info: LuaTeX not detected.
Package hobsub Info: Skipping package `ifvtex' (already loaded).
Package: intcalc 2007/09/27 v1.1 Expandable calculations with integers (HO)
Package hobsub Info: Skipping package `ifpdf' (already loaded).
Package: etexcmds 2011/02/16 v1.5 Avoid name clashes with e-TeX commands (HO)
Package etexcmds Info: Could not find \expanded.
(etexcmds)             That can mean that you are not using pdfTeX 1.50 or
(etexcmds)             that some package has redefined \expanded.
(etexcmds)             In the latter case, load this package earlier.
Package: kvsetkeys 2012/04/25 v1.16 Key value parser (HO)
Package: kvdefinekeys 2011/04/07 v1.3 Define keys (HO)
Package: pdftexcmds 2011/11/29 v0.20 Utility functions of pdfTeX for LuaTeX (HO
)
Package pdftexcmds Info: LuaTeX not detected.
Package pdftexcmds Info: \pdf@primitive is available.
Package pdftexcmds Info: \pdf@ifprimitive is available.
Package pdftexcmds Info: \pdfdraftmode found.
Package: pdfescape 2011/11/25 v1.13 Implements pdfTeX's escape features (HO)
Package: bigintcalc 2012/04/08 v1.3 Expandable calculations on big integers (HO
)
Package: bitset 2011/01/30 v1.1 Handle bit-vector datatype (HO)
Package: uniquecounter 2011/01/30 v1.2 Provide unlimited unique counter (HO)
)
Package hobsub Info: Skipping package `hobsub' (already loaded).
Package: letltxmacro 2010/09/02 v1.4 Let assignment for LaTeX macros (HO)
Package: hopatch 2012/05/28 v1.2 Wrapper for package hooks (HO)
Package: xcolor-patch 2011/01/30 xcolor patch
Package: atveryend 2011/06/30 v1.8 Hooks at the very end of document (HO)
Package: atbegshi 2011/10/05 v1.16 At begin shipout hook (HO)
Package: refcount 2011/10/16 v3.4 Data extraction from label references (HO)
Package: hycolor 2011/01/30 v1.7 Color options for hyperref/bookmark (HO)
)
(/usr/share/texlive/texmf-dist/tex/latex/oberdiek/auxhook.sty
Package: auxhook 2011/03/04 v1.3 Hooks for auxiliary files (HO)
)
(/usr/share/texlive/texmf-dist/tex/latex/oberdiek/kvoptions.sty
Package: kvoptions 2011/06/30 v3.11 Key value format for package options (HO)
)
\@linkdim=\dimen211
\Hy@linkcounter=\count145
\Hy@pagecounter=\count146

(/usr/share/texlive/texmf-dist/tex/latex/hyperref/pd1enc.def
File: pd1enc.def 2012/11/06 v6.83m Hyperref: PDFDocEncoding definition (HO)
)
\Hy@SavedSpaceFactor=\count147

(/usr/share/texlive/texmf-dist/tex/latex/latexconfig/hyperref.cfg
File: hyperref.cfg 2002/06/06 v1.2 hyperref configuration of TeXLive
)
Package hyperref Info: Option `colorlinks' set `true' on input line 4319.
Package hyperref Info: Hyper figures OFF on input line 4443.
Package hyperref Info: Link nesting OFF on input line 4448.
Package hyperref Info: Hyper index ON on input line 4451.
Package hyperref Info: Plain pages OFF on input line 4458.
Package hyperref Info: Backreferencing OFF on input line 4463.
Package hyperref Info: Implicit mode ON; LaTeX internals redefined.
Package hyperref Info: Bookmarks ON on input line 4688.
\c@Hy@tempcnt=\count148
LaTeX Info: Redefining \url on input line 5041.
\XeTeXLinkMargin=\dimen212
\Fld@menulength=\count149
\Field@Width=\dimen213
\Fld@charsize=\dimen214
Package hyperref Info: Hyper figures OFF on input line 6295.
Package hyperref Info: Link nesting OFF on input line 6300.
Package hyperref Info: Hyper index ON on input line 6303.
Package hyperref Info: backreferencing OFF on input line 6310.
Package hyperref Info: Link coloring ON on input line 6313.
Package hyperref Info: Link coloring with OCG OFF on input line 6320.
Package hyperref Info: PDF/A mode OFF on input line 6325.
LaTeX Info: Redefining \ref on input line 6365.
LaTeX Info: Redefining \pageref on input line 6369.
\Hy@abspage=\count150
\c@Item=\count151
\c@Hfootnote=\count152
)

Package hyperref Message: Driver (autodetected): hpdftex.

(/usr/share/texlive/texmf-dist/tex/latex/hyperref/hpdftex.def
File: hpdftex.def 2012/11/06 v6.83m Hyperref driver for pdfTeX
\Fld@listcount=\count153
\c@bookmark@seq@number=\count154

(/usr/share/texlive/texmf-dist/tex/latex/oberdiek/rerunfilecheck.sty
Package: rerunfilecheck 2011/04/15 v1.7 Rerun checks for auxiliary files (HO)
Package uniquecounter Info: New unique counter `rerunfilecheck' on input line 2
82.
)
\Hy@SectionHShift=\skip56
)
(/usr/share/texlive/texmf-dist/tex/latex/appendix/appendix.sty
Package: appendix 2009/09/02 v1.2b extra appendix facilities
\c@@pps=\count155
\c@@ppsavesec=\count156
\c@@ppsaveapp=\count157
)
(/usr/share/texlive/texmf-dist/tex/latex/chngcntr/chngcntr.sty
Package: chngcntr 2009/09/02 v1.0a change counter resetting
)
(/usr/share/texlive/texmf-dist/tex/latex/setspace/setspace.sty
Package: setspace 2011/12/19 v6.7a set line spacing
)
(/usr/share/texlive/texmf-dist/tex/latex/upquote/upquote.sty
Package: upquote 2012/04/19 v1.3 upright-quote and grave-accent glyphs in verba
tim
)
Package csquotes Info: Checking for multilingual support...
Package csquotes Info: ... found 'babel' package.
Package csquotes Info: Adjusting default style.
Package csquotes Info: Redefining alias 'default' -> 'american'.

(./webappendix.aux

LaTeX Warning: Label `tab:' multiply defined.


LaTeX Warning: Label `Table:table_simulation' multiply defined.


LaTeX Warning: Label `fig:fig_tern' multiply defined.

)
\openout1 = `webappendix.aux'.

LaTeX Font Info:    Checking defaults for OML/cmm/m/it on input line 120.
LaTeX Font Info:    ... okay on input line 120.
LaTeX Font Info:    Checking defaults for T1/cmr/m/n on input line 120.
LaTeX Font Info:    ... okay on input line 120.
LaTeX Font Info:    Checking defaults for OT1/cmr/m/n on input line 120.
LaTeX Font Info:    ... okay on input line 120.
LaTeX Font Info:    Checking defaults for OMS/cmsy/m/n on input line 120.
LaTeX Font Info:    ... okay on input line 120.
LaTeX Font Info:    Checking defaults for OMX/cmex/m/n on input line 120.
LaTeX Font Info:    ... okay on input line 120.
LaTeX Font Info:    Checking defaults for U/cmr/m/n on input line 120.
LaTeX Font Info:    ... okay on input line 120.
LaTeX Font Info:    Checking defaults for PD1/pdf/m/n on input line 120.
LaTeX Font Info:    ... okay on input line 120.
 (/usr/share/texlive/texmf-dist/tex/context/base/supp-pdf.mkii
[Loading MPS to PDF converter (version 2006.09.02).]
\scratchcounter=\count158
\scratchdimen=\dimen215
\scratchbox=\box40
\nofMPsegments=\count159
\nofMParguments=\count160
\everyMPshowfont=\toks38
\MPscratchCnt=\count161
\MPscratchDim=\dimen216
\MPnumerator=\count162
\makeMPintoPDFobject=\count163
\everyMPtoPDFconversion=\toks39
) (/usr/share/texlive/texmf-dist/tex/latex/oberdiek/epstopdf-base.sty
Package: epstopdf-base 2010/02/09 v2.5 Base part for package epstopdf

(/usr/share/texlive/texmf-dist/tex/latex/oberdiek/grfext.sty
Package: grfext 2010/08/19 v1.1 Manage graphics extensions (HO)
)
Package grfext Info: Graphics extension search list:
(grfext)             [.png,.pdf,.jpg,.mps,.jpeg,.jbig2,.jb2,.PNG,.PDF,.JPG,.JPE
G,.JBIG2,.JB2,.eps]
(grfext)             \AppendGraphicsExtensions on input line 452.

(/usr/share/texlive/texmf-dist/tex/latex/latexconfig/epstopdf-sys.cfg
File: epstopdf-sys.cfg 2010/07/13 v1.3 Configuration of (r)epstopdf for TeX Liv
e
))
ABD: EveryShipout initializing macros
Package caption Info: Begin \AtBeginDocument code.
Package caption Info: hyperref package is loaded.
Package caption Info: End \AtBeginDocument code.

*geometry* driver: auto-detecting
*geometry* detected driver: pdftex
*geometry* verbose mode - [ preamble ] result:
* driver: pdftex
* paper: <default>
* layout: <same size as paper>
* layoutoffset:(h,v)=(0.0pt,0.0pt)
* modes: 
* h-part:(L,W,R)=(72.26999pt, 469.75502pt, 72.26999pt)
* v-part:(T,H,B)=(72.26999pt, 650.43001pt, 72.26999pt)
* \paperwidth=614.295pt
* \paperheight=794.96999pt
* \textwidth=469.75502pt
* \textheight=650.43001pt
* \oddsidemargin=0.0pt
* \evensidemargin=0.0pt
* \topmargin=-31.8738pt
* \headheight=12.0pt
* \headsep=19.8738pt
* \topskip=12.0pt
* \footskip=30.0pt
* \marginparwidth=47.0pt
* \marginparsep=7.0pt
* \columnsep=10.0pt
* \skip\footins=10.8pt plus 4.0pt minus 2.0pt
* \hoffset=0.0pt
* \voffset=0.0pt
* \mag=1000
* \@twocolumnfalse
* \@twosidefalse
* \@mparswitchfalse
* \@reversemarginfalse
* (1in=72.27pt=25.4mm, 1cm=28.453pt)

\AtBeginShipoutBox=\box41
Package hyperref Info: Link coloring ON on input line 120.
(/usr/share/texlive/texmf-dist/tex/latex/hyperref/nameref.sty
Package: nameref 2012/10/27 v2.43 Cross-referencing by name of section

(/usr/share/texlive/texmf-dist/tex/generic/oberdiek/gettitlestring.sty
Package: gettitlestring 2010/12/03 v1.4 Cleanup title references (HO)
)
\c@section@level=\count164
)
LaTeX Info: Redefining \ref on input line 120.
LaTeX Info: Redefining \pageref on input line 120.
LaTeX Info: Redefining \nameref on input line 120.

(./webappendix.out) (./webappendix.out)
\@outlinefile=\write5
\openout5 = `webappendix.out'.

LaTeX Font Info:    Try loading font information for U+msa on input line 122.

(/usr/share/texlive/texmf-dist/tex/latex/amsfonts/umsa.fd
File: umsa.fd 2013/01/14 v3.01 AMS symbols A
)
LaTeX Font Info:    Try loading font information for U+msb on input line 122.

(/usr/share/texlive/texmf-dist/tex/latex/amsfonts/umsb.fd
File: umsb.fd 2013/01/14 v3.01 AMS symbols B
)

LaTeX Warning: No \author given.

[1
Non-PDF special ignored!


{/usr/share/texlive/texmf/fonts/map/pdftex/updmap/pdftex.map}]
Supporting Information A.

Overfull \hbox (38.81546pt too wide) in paragraph at lines 142--152
 [][] 
 []

pdfTeX warning (ext4): destination with the same identifier (name{page.1}) has 
been already used, duplicate ignored
<to be read again> 
                   \relax 
l.155 \clearpage
                 [1

]
LaTeX Font Info:    Try loading font information for OMS+cmr on input line 164.

 (/usr/share/texlive/texmf-dist/tex/latex/base/omscmr.fd
File: omscmr.fd 1999/05/25 v2.5h Standard LaTeX font definitions
)
LaTeX Font Info:    Font shape `OMS/cmr/m/n' in size <12> not available
(Font)              Font shape `OMS/cmsy/m/n' tried instead on input line 164.

[2

]
Overfull \hbox (55.43141pt too wide) in paragraph at lines 166--167
[]\OT1/cmr/m/n/12 ChIPComp: \OT1/cmr/m/it/12 ChIP-Comp(makeCountSet(conf,design
,filetype="bam",species="hg19",binsize=bp))\OT1/cmr/m/n/12 , 
 []


Overfull \hbox (3.11974pt too wide) in paragraph at lines 168--169
[]\OT1/cmr/m/n/12 DiffBind: \OT1/cmr/m/it/12 dba.report(dba.analyze(dba.contras
t(dba.count(dba(sampleSheet = conf)), cat-
 []


Package xcolor Warning: Incompatible color definition on input line 176.

LaTeX Font Info:    Font shape `OT1/cmtt/bx/n' in size <12> not available
(Font)              Font shape `OT1/cmtt/m/n' tried instead on input line 179.
[3]
Underfull \vbox (badness 10000) detected at line 233
 []


Underfull \vbox (badness 10000) detected at line 233
 []

[4] [5] [6]
Supporting Information B.
[7

]
<../../Supp/Figure_Normalization/Figure_Normalization.pdf, id=156, 460.72125pt 
x 317.185pt>
File: ../../Supp/Figure_Normalization/Figure_Normalization.pdf Graphic file (ty
pe pdf)
 <use ../../Supp/Figure_Normalization/Figure_Normalization.pdf>
Package pdftex.def Info: ../../Supp/Figure_Normalization/Figure_Normalization.p
df used on input line 264.
(pdftex.def)             Requested size: 460.72012pt x 317.1842pt.

[8 <../../Supp/Figure_Normalization/Figure_Normalization.pdf>]
<../../Supp/Figure_ENCODE_Control/Figure_PR_H3K36me3_Encode_twocells_500bp.pdf,
 id=176, 650.43pt x 415.5525pt>
File: ../../Supp/Figure_ENCODE_Control/Figure_PR_H3K36me3_Encode_twocells_500bp
.pdf Graphic file (type pdf)

<use ../../Supp/Figure_ENCODE_Control/Figure_PR_H3K36me3_Encode_twocells_500bp.
pdf>
Package pdftex.def Info: ../../Supp/Figure_ENCODE_Control/Figure_PR_H3K36me3_En
code_twocells_500bp.pdf used on input line 280.
(pdftex.def)             Requested size: 487.8213pt x 311.6636pt.


LaTeX Warning: `h' float specifier changed to `ht'.

[9] <../../Sim/Control/Summary/Summary.pdf, id=188, 505.89pt x 650.43pt>
File: ../../Sim/Control/Summary/Summary.pdf Graphic file (type pdf)

<use ../../Sim/Control/Summary/Summary.pdf>
Package pdftex.def Info: ../../Sim/Control/Summary/Summary.pdf used on input li
ne 290.
(pdftex.def)             Requested size: 379.41655pt x 487.8213pt.


LaTeX Warning: `h' float specifier changed to `ht'.

[10 <../../Supp/Figure_ENCODE_Control/Figure_PR_H3K36me3_Encode_twocells_500bp.
pdf>] [11] [12 <../../Sim/Control/Summary/Summary.pdf>]
<../../Supp/Figure_Simulation_GC/Summary_Scatter_G113G233.png, id=226, 505.89pt
 x 650.43pt>
File: ../../Supp/Figure_Simulation_GC/Summary_Scatter_G113G233.png Graphic file
 (type png)

<use ../../Supp/Figure_Simulation_GC/Summary_Scatter_G113G233.png>
Package pdftex.def Info: ../../Supp/Figure_Simulation_GC/Summary_Scatter_G113G2
33.png used on input line 309.
(pdftex.def)             Requested size: 379.41655pt x 487.8213pt.


LaTeX Warning: `h' float specifier changed to `ht'.


<../../Supp/Figure_Simulation_GC/Summary_FDR_G113G233.png, id=229, 650.43pt x 5
05.89pt>
File: ../../Supp/Figure_Simulation_GC/Summary_FDR_G113G233.png Graphic file (ty
pe png)
 <use ../../Supp/Figure_Simulation_GC/Summary_FDR_G113G233.png>
Package pdftex.def Info: ../../Supp/Figure_Simulation_GC/Summary_FDR_G113G233.p
ng used on input line 319.
(pdftex.def)             Requested size: 487.8213pt x 379.41655pt.


LaTeX Warning: `h' float specifier changed to `ht'.


<../../Supp/Figure_Simulation_GC/Summary_ROC_G113G233.png, id=233, 650.43pt x 5
05.89pt>
File: ../../Supp/Figure_Simulation_GC/Summary_ROC_G113G233.png Graphic file (ty
pe png)
 <use ../../Supp/Figure_Simulation_GC/Summary_ROC_G113G233.png>
Package pdftex.def Info: ../../Supp/Figure_Simulation_GC/Summary_ROC_G113G233.p
ng used on input line 329.
(pdftex.def)             Requested size: 487.8213pt x 379.41655pt.

[13

]

LaTeX Warning: `h' float specifier changed to `ht'.

[14] [15 <../../Supp/Figure_Simulation_GC/Summary_Scatter_G113G233.png (PNG cop
y)>] [16 <../../Supp/Figure_Simulation_GC/Summary_FDR_G113G233.png (PNG copy)>]
[17 <../../Supp/Figure_Simulation_GC/Summary_ROC_G113G233.png (PNG copy)>]
[18

]
<../../Supp/Figure_ChromHMM/Figure_ChromHMM.pdf, id=276, 650.43pt x 831.105pt>
File: ../../Supp/Figure_ChromHMM/Figure_ChromHMM.pdf Graphic file (type pdf)

<use ../../Supp/Figure_ChromHMM/Figure_ChromHMM.pdf>
Package pdftex.def Info: ../../Supp/Figure_ChromHMM/Figure_ChromHMM.pdf used on
 input line 361.
(pdftex.def)             Requested size: 487.8213pt x 623.32722pt.


LaTeX Warning: Float too large for page by 39.3972pt on input line 365.


LaTeX Warning: `h' float specifier changed to `ht'.


Package amsmath Warning: Foreign command \atopwithdelims;
(amsmath)                \frac or \genfrac should be used instead
(amsmath)                 on input line 371.

[19]
<../../Supp/Figure_BIC/H3K36me3_3G_4R_1e+05W_100SNR_bic.png, id=292, 650.43pt x
 361.35pt>
File: ../../Supp/Figure_BIC/H3K36me3_3G_4R_1e+05W_100SNR_bic.png Graphic file (
type png)
 <use ../../Supp/Figure_BIC/H3K36me3_3G_4R_1e+05W_100SNR_bic.png>
Package pdftex.def Info: ../../Supp/Figure_BIC/H3K36me3_3G_4R_1e+05W_100SNR_bic
.png used on input line 379.
(pdftex.def)             Requested size: 487.8213pt x 271.01184pt.


LaTeX Warning: `h' float specifier changed to `ht'.


<../../Supp/Figure_BIC/H3K36me3_3G_2R_1e+05W_100SNR_bic.png, id=293, 650.43pt x
 361.35pt>
File: ../../Supp/Figure_BIC/H3K36me3_3G_2R_1e+05W_100SNR_bic.png Graphic file (
type png)
 <use ../../Supp/Figure_BIC/H3K36me3_3G_2R_1e+05W_100SNR_bic.png>
Package pdftex.def Info: ../../Supp/Figure_BIC/H3K36me3_3G_2R_1e+05W_100SNR_bic
.png used on input line 387.
(pdftex.def)             Requested size: 487.8213pt x 271.01184pt.


LaTeX Warning: `h' float specifier changed to `ht'.


<../../Supp/Figure_BIC/H3K36me3_3G_1R_1e+05W_100SNR_bic.png, id=294, 650.43pt x
 361.35pt>
File: ../../Supp/Figure_BIC/H3K36me3_3G_1R_1e+05W_100SNR_bic.png Graphic file (
type png)
 <use ../../Supp/Figure_BIC/H3K36me3_3G_1R_1e+05W_100SNR_bic.png>
Package pdftex.def Info: ../../Supp/Figure_BIC/H3K36me3_3G_1R_1e+05W_100SNR_bic
.png used on input line 395.
(pdftex.def)             Requested size: 487.8213pt x 271.01184pt.


LaTeX Warning: `h' float specifier changed to `ht'.

[20] [21 <../../Supp/Figure_ChromHMM/Figure_ChromHMM.pdf>] [22 <../../Supp/Figu
re_BIC/H3K36me3_3G_4R_1e+05W_100SNR_bic.png (PNG copy)>] [23 <../../Supp/Figure
_BIC/H3K36me3_3G_2R_1e+05W_100SNR_bic.png (PNG copy)>] [24 <../../Supp/Figure_B
IC/H3K36me3_3G_1R_1e+05W_100SNR_bic.png (PNG copy)>]
<../../Supp/Figure_PR_Viterbi/Figure_PR_Viterbi.pdf, id=330, 650.43pt x 831.105
pt>
File: ../../Supp/Figure_PR_Viterbi/Figure_PR_Viterbi.pdf Graphic file (type pdf
)
 <use ../../Supp/Figure_PR_Viterbi/Figure_PR_Viterbi.pdf>
Package pdftex.def Info: ../../Supp/Figure_PR_Viterbi/Figure_PR_Viterbi.pdf use
d on input line 411.
(pdftex.def)             Requested size: 487.8213pt x 623.32722pt.


LaTeX Warning: Float too large for page by 39.3972pt on input line 415.


LaTeX Warning: `h' float specifier changed to `ht'.


<../../Supp/Figure_H3K36me3_Viterbi/Figure_H3K36me3_Viterbi.pdf, id=331, 650.43
pt x 831.105pt>
File: ../../Supp/Figure_H3K36me3_Viterbi/Figure_H3K36me3_Viterbi.pdf Graphic fi
le (type pdf)

<use ../../Supp/Figure_H3K36me3_Viterbi/Figure_H3K36me3_Viterbi.pdf>
Package pdftex.def Info: ../../Supp/Figure_H3K36me3_Viterbi/Figure_H3K36me3_Vit
erbi.pdf used on input line 419.
(pdftex.def)             Requested size: 487.8213pt x 623.32722pt.


LaTeX Warning: Float too large for page by 39.3972pt on input line 423.


LaTeX Warning: `h' float specifier changed to `ht'.


<../../Supp/Figure_H3K27me3_Viterbi/Figure_H3K27me3_Viterbi.pdf, id=332, 650.43
pt x 831.105pt>
File: ../../Supp/Figure_H3K27me3_Viterbi/Figure_H3K27me3_Viterbi.pdf Graphic fi
le (type pdf)

<use ../../Supp/Figure_H3K27me3_Viterbi/Figure_H3K27me3_Viterbi.pdf>
Package pdftex.def Info: ../../Supp/Figure_H3K27me3_Viterbi/Figure_H3K27me3_Vit
erbi.pdf used on input line 427.
(pdftex.def)             Requested size: 487.8213pt x 623.32722pt.


LaTeX Warning: Float too large for page by 39.3972pt on input line 431.


LaTeX Warning: `h' float specifier changed to `ht'.

[25

] [26 <../../Supp/Figure_PR_Viterbi/Figure_PR_Viterbi.pdf>] [27 <../../Supp/Fig
ure_H3K36me3_Viterbi/Figure_H3K36me3_Viterbi.pdf>] [28 <../../Supp/Figure_H3K27
me3_Viterbi/Figure_H3K27me3_Viterbi.pdf>] [29

] [30]

Package hyperref Warning: Token not allowed in a PDF string (PDFDocEncoding):
(hyperref)                removing `math shift' on input line 489.


Package hyperref Warning: Token not allowed in a PDF string (PDFDocEncoding):
(hyperref)                removing `math shift' on input line 489.


Overfull \hbox (17.50685pt too wide) in paragraph at lines 491--492
\OT1/cmr/m/n/12 The $\OML/cmm/m/it/12 Q$\OT1/cmr/m/n/12 -function of the EM al-
go-rithm is de-fined as $\OML/cmm/m/it/12 Q [] \OT1/cmr/m/n/12 = \OML/cmm/m/it/
12 Q[] [] \OT1/cmr/m/n/12 + \OML/cmm/m/it/12 Q[] [] \OT1/cmr/m/n/12 +
 []

[31]
Overfull \hbox (92.54305pt too wide) in paragraph at lines 505--506
\OML/cmm/m/it/12 f[] \OT1/cmr/m/n/12 = \OML/cmm/m/it/12 ^^Y[]f[]\OT1/cmr/m/n/12
 (\OT1/cmr/bx/n/12 y[]\OMS/cmsy/m/n/12 j[][]\OT1/cmr/m/n/12 )$, and, for $\OML/
cmm/m/it/12 j \OT1/cmr/m/n/12 = 1\OML/cmm/m/it/12 ; [] ; M$\OT1/cmr/m/n/12 , $\
OML/cmm/m/it/12 f[] \OT1/cmr/m/n/12 = [][] \OML/cmm/m/it/12 ^^M[]f[]f[]\OT1/cmr
/m/n/12 (\OT1/cmr/bx/n/12 y[]\OMS/cmsy/m/n/12 j[][]\OT1/cmr/m/n/12 )$, $\OML/cm
m/m/it/12 f[] \OT1/cmr/m/n/12 = [][] \OML/cmm/m/it/12 ^^M[]f[]f[]\OT1/cmr/m/n/1
2 (\OT1/cmr/bx/n/12 y[]\OMS/cmsy/m/n/12 j\OT1/cmr/bx/n/12 x\OT1/cmr/m/n/12 ; []
\OML/cmm/m/it/12 ; [][]\OT1/cmr/m/n/12 )$,
 []

[32] [33]
Supporting Information C.
[34

]
(../../Supp/Table_Simulation_ReadCounts/Table_Simulation_ReadCounts_H3K27me3_1e
+06.tex)
(../../Supp/Table_Simulation_ReadCounts/Table_Simulation_ReadCounts_H3K36me3_1e
+06.tex)

LaTeX Warning: Reference `fig:sim1.fig3' on page 35 undefined on input line 535
.


LaTeX Warning: Reference `fig:sim1.fig3' on page 35 undefined on input line 537
.

[35] [36] [37]
<../../Supp/Figure_ROC_ReadCounts/Figure_ROC_ReadCounts_H3K27me3_1e+06.pdf, id=
438, 650.43pt x 831.105pt>
File: ../../Supp/Figure_ROC_ReadCounts/Figure_ROC_ReadCounts_H3K27me3_1e+06.pdf
 Graphic file (type pdf)

<use ../../Supp/Figure_ROC_ReadCounts/Figure_ROC_ReadCounts_H3K27me3_1e+06.pdf>
Package pdftex.def Info: ../../Supp/Figure_ROC_ReadCounts/Figure_ROC_ReadCounts
_H3K27me3_1e+06.pdf used on input line 541.
(pdftex.def)             Requested size: 455.2979pt x 581.76953pt.

LaTeX Warning: Float too large for page by 55.83951pt on input line 545.


LaTeX Warning: `h' float specifier changed to `ht'.


<../../Supp/Figure_ROC_ReadCounts/Figure_ROC_ReadCounts_H3K36me3_1e+06.pdf, id=
439, 650.43pt x 831.105pt>
File: ../../Supp/Figure_ROC_ReadCounts/Figure_ROC_ReadCounts_H3K36me3_1e+06.pdf
 Graphic file (type pdf)

<use ../../Supp/Figure_ROC_ReadCounts/Figure_ROC_ReadCounts_H3K36me3_1e+06.pdf>
Package pdftex.def Info: ../../Supp/Figure_ROC_ReadCounts/Figure_ROC_ReadCounts
_H3K36me3_1e+06.pdf used on input line 549.
(pdftex.def)             Requested size: 455.2979pt x 581.76953pt.

LaTeX Warning: Float too large for page by 55.83951pt on input line 553.


LaTeX Warning: `h' float specifier changed to `ht'.

[38] [39 <../../Supp/Figure_ROC_ReadCounts/Figure_ROC_ReadCounts_H3K27me3_1e+06
.pdf>] [40 <../../Supp/Figure_ROC_ReadCounts/Figure_ROC_ReadCounts_H3K36me3_1e+
06.pdf>] [41

]
<../../Supp/Figure_Overview_SequencingReads/Figure_Simulation_SequencingReads_1
.pdf, id=477, 578.16pt x 578.16pt>
File: ../../Supp/Figure_Overview_SequencingReads/Figure_Simulation_SequencingRe
ads_1.pdf Graphic file (type pdf)

<use ../../Supp/Figure_Overview_SequencingReads/Figure_Simulation_SequencingRea
ds_1.pdf>
Package pdftex.def Info: ../../Supp/Figure_Overview_SequencingReads/Figure_Simu
lation_SequencingReads_1.pdf used on input line 568.
(pdftex.def)             Requested size: 404.70924pt x 404.70924pt.


LaTeX Warning: `h' float specifier changed to `ht'.


<../../Supp/Figure_Overview_SequencingReads/Figure_Simulation_SequencingReads_1
0.pdf, id=478, 578.16pt x 578.16pt>
File: ../../Supp/Figure_Overview_SequencingReads/Figure_Simulation_SequencingRe
ads_10.pdf Graphic file (type pdf)

<use ../../Supp/Figure_Overview_SequencingReads/Figure_Simulation_SequencingRea
ds_10.pdf>
Package pdftex.def Info: ../../Supp/Figure_Overview_SequencingReads/Figure_Simu
lation_SequencingReads_10.pdf used on input line 576.
(pdftex.def)             Requested size: 404.70924pt x 404.70924pt.


LaTeX Warning: `h' float specifier changed to `ht'.


<../../Supp/Figure_Overview_SequencingReads/Figure_Simulation_SequencingReads_1
5.pdf, id=479, 578.16pt x 578.16pt>
File: ../../Supp/Figure_Overview_SequencingReads/Figure_Simulation_SequencingRe
ads_15.pdf Graphic file (type pdf)

<use ../../Supp/Figure_Overview_SequencingReads/Figure_Simulation_SequencingRea
ds_15.pdf>
Package pdftex.def Info: ../../Supp/Figure_Overview_SequencingReads/Figure_Simu
lation_SequencingReads_15.pdf used on input line 584.
(pdftex.def)             Requested size: 404.70924pt x 404.70924pt.


LaTeX Warning: `h' float specifier changed to `ht'.


<../../Supp/Figure_Overview_SequencingReads/Figure_Simulation_SequencingReads_2
0.pdf, id=480, 578.16pt x 578.16pt>
File: ../../Supp/Figure_Overview_SequencingReads/Figure_Simulation_SequencingRe
ads_20.pdf Graphic file (type pdf)

<use ../../Supp/Figure_Overview_SequencingReads/Figure_Simulation_SequencingRea
ds_20.pdf>
Package pdftex.def Info: ../../Supp/Figure_Overview_SequencingReads/Figure_Simu
lation_SequencingReads_20.pdf used on input line 592.
(pdftex.def)             Requested size: 404.70924pt x 404.70924pt.


LaTeX Warning: `h' float specifier changed to `ht'.


<../../Supp/Figure_Overview_SequencingReads/Figure_SequencingReads_Example.pdf,
 id=481, 650.43pt x 831.105pt>
File: ../../Supp/Figure_Overview_SequencingReads/Figure_SequencingReads_Example
.pdf Graphic file (type pdf)

<use ../../Supp/Figure_Overview_SequencingReads/Figure_SequencingReads_Example.
pdf>
Package pdftex.def Info: ../../Supp/Figure_Overview_SequencingReads/Figure_Sequ
encingReads_Example.pdf used on input line 600.
(pdftex.def)             Requested size: 487.8213pt x 623.32722pt.


LaTeX Warning: Float too large for page by 39.3972pt on input line 604.

[42] [43 <../../Supp/Figure_Overview_SequencingReads/Figure_Simulation_Sequenci
ngReads_1.pdf>] [44 <../../Supp/Figure_Overview_SequencingReads/Figure_Simulati
on_SequencingReads_10.pdf>] [45 <../../Supp/Figure_Overview_SequencingReads/Fig
ure_Simulation_SequencingReads_15.pdf>] [46 <../../Supp/Figure_Overview_Sequenc
ingReads/Figure_Simulation_SequencingReads_20.pdf>] [47 <../../Supp/Figure_Over
view_SequencingReads/Figure_SequencingReads_Example.pdf>]
Supporting Information D.
[48

]
<../../Supp/Figure_PR_LFC/Figure_PR_LFC.pdf, id=578, 650.43pt x 831.105pt>
File: ../../Supp/Figure_PR_LFC/Figure_PR_LFC.pdf Graphic file (type pdf)

<use ../../Supp/Figure_PR_LFC/Figure_PR_LFC.pdf>
Package pdftex.def Info: ../../Supp/Figure_PR_LFC/Figure_PR_LFC.pdf used on inp
ut line 626.
(pdftex.def)             Requested size: 487.8213pt x 623.32722pt.


LaTeX Warning: Float too large for page by 53.8972pt on input line 630.

[49] [50 <../../Supp/Figure_PR_LFC/Figure_PR_LFC.pdf>]
<../../Supp/Figure_Broad_250bp/Figure_Broad.pdf, id=598, 650.43pt x 831.105pt>
File: ../../Supp/Figure_Broad_250bp/Figure_Broad.pdf Graphic file (type pdf)

<use ../../Supp/Figure_Broad_250bp/Figure_Broad.pdf>
Package pdftex.def Info: ../../Supp/Figure_Broad_250bp/Figure_Broad.pdf used on
 input line 640.
(pdftex.def)             Requested size: 422.77449pt x 540.21185pt.


LaTeX Warning: Float too large for page by 14.28183pt on input line 644.


<../../Supp/Figure_Broad_750bp/Figure_Broad.pdf, id=599, 650.43pt x 831.105pt>
File: ../../Supp/Figure_Broad_750bp/Figure_Broad.pdf Graphic file (type pdf)

<use ../../Supp/Figure_Broad_750bp/Figure_Broad.pdf>
Package pdftex.def Info: ../../Supp/Figure_Broad_750bp/Figure_Broad.pdf used on
 input line 648.
(pdftex.def)             Requested size: 422.77449pt x 540.21185pt.


LaTeX Warning: Float too large for page by 14.28183pt on input line 652.


<../../Supp/Figure_Broad_1000bp/Figure_Broad.pdf, id=600, 650.43pt x 831.105pt>
File: ../../Supp/Figure_Broad_1000bp/Figure_Broad.pdf Graphic file (type pdf)
<use ../../Supp/Figure_Broad_1000bp/Figure_Broad.pdf>
Package pdftex.def Info: ../../Supp/Figure_Broad_1000bp/Figure_Broad.pdf used o
n input line 656.
(pdftex.def)             Requested size: 422.77449pt x 540.21185pt.


LaTeX Warning: Float too large for page by 14.28183pt on input line 660.


<../../Supp/Figure_Narrow_500bp/Figure_Narrow.pdf, id=601, 650.43pt x 831.105pt
>
File: ../../Supp/Figure_Narrow_500bp/Figure_Narrow.pdf Graphic file (type pdf)
 <use ../../Supp/Figure_Narrow_500bp/Figure_Narrow.pdf>
Package pdftex.def Info: ../../Supp/Figure_Narrow_500bp/Figure_Narrow.pdf used 
on input line 663.
(pdftex.def)             Requested size: 422.77449pt x 540.21185pt.

<../../Supp/Figure_Narrow_750bp/Figure_Narrow.pdf, id=602, 650.43pt x 831.105pt
>
File: ../../Supp/Figure_Narrow_750bp/Figure_Narrow.pdf Graphic file (type pdf)
 <use ../../Supp/Figure_Narrow_750bp/Figure_Narrow.pdf>
Package pdftex.def Info: ../../Supp/Figure_Narrow_750bp/Figure_Narrow.pdf used 
on input line 669.
(pdftex.def)             Requested size: 422.77449pt x 540.21185pt.

<../../Supp/Figure_Narrow_1000bp/Figure_Narrow.pdf, id=603, 650.43pt x 831.105p
t>
File: ../../Supp/Figure_Narrow_1000bp/Figure_Narrow.pdf Graphic file (type pdf)

 <use ../../Supp/Figure_Narrow_1000bp/Figure_Narrow.pdf>
Package pdftex.def Info: ../../Supp/Figure_Narrow_1000bp/Figure_Narrow.pdf used
 on input line 675.
(pdftex.def)             Requested size: 422.77449pt x 540.21185pt.
 [51] [52 <../../Supp/Figure_Broad_250bp/Figure_Broad.pdf>] [53 <../../Supp/Fig
ure_Broad_750bp/Figure_Broad.pdf>] [54 <../../Supp/Figure_Broad_1000bp/Figure_B
road.pdf>] [55 <../../Supp/Figure_Narrow_500bp/Figure_Narrow.pdf>] [56 <../../S
upp/Figure_Narrow_750bp/Figure_Narrow.pdf>] [57 <../../Supp/Figure_Narrow_1000b
p/Figure_Narrow.pdf>]
Overfull \hbox (3.19878pt too wide) in paragraph at lines 680--680
[]\OT1/cmr/bx/n/17.28 Classification of Com-bi-na-to-rial Pat-terns of Protein-

 []


Overfull \hbox (7.29669pt too wide) in paragraph at lines 680--680
\OT1/cmr/bx/n/17.28 DNA Bind-ing Ac-tiv-ity and Their As-so-ci-a-tions With
 []

[58]
<../../Supp/Figure_Ternary/Figure_Ternary.pdf, id=706, 650.43pt x 831.105pt>
File: ../../Supp/Figure_Ternary/Figure_Ternary.pdf Graphic file (type pdf)

<use ../../Supp/Figure_Ternary/Figure_Ternary.pdf>
Package pdftex.def Info: ../../Supp/Figure_Ternary/Figure_Ternary.pdf used on i
nput line 688.
(pdftex.def)             Requested size: 422.77449pt x 540.21185pt.
 [59] [60 <../../Supp/Figure_Ternary/Figure_Ternary.pdf>]
<../../Supp/Figure_MultiMarks/Figure_MultiMarks.pdf, id=762, 325.215pt x 415.55
25pt>
File: ../../Supp/Figure_MultiMarks/Figure_MultiMarks.pdf Graphic file (type pdf
)
 <use ../../Supp/Figure_MultiMarks/Figure_MultiMarks.pdf>
Package pdftex.def Info: ../../Supp/Figure_MultiMarks/Figure_MultiMarks.pdf use
d on input line 697.
(pdftex.def)             Requested size: 325.2142pt x 415.55148pt.

(./webappendix.bbl [61] [62 <../../Supp/Figure_MultiMarks/Figure_MultiMarks.pdf
>] [63

] [64])
Package atveryend Info: Empty hook `BeforeClearDocument' on input line 705.
 [65]
Package atveryend Info: Empty hook `AfterLastShipout' on input line 705.
 (./webappendix.aux)
Package atveryend Info: Executing hook `AtVeryEndDocument' on input line 705.
Package atveryend Info: Executing hook `AtEndAfterFileList' on input line 705.
Package rerunfilecheck Info: File `webappendix.out' has not changed.
(rerunfilecheck)             Checksum: 37AF3EE24351C41523F4A7EE65F6C87A;1746.


LaTeX Warning: There were undefined references.


LaTeX Warning: There were multiply-defined labels.

 ) 
Here is how much of TeX's memory you used:
 18409 strings out of 494820
 323692 string characters out of 3178049
 488110 words of memory out of 3000000
 21007 multiletter control sequences out of 15000+200000
 19017 words of font info for 72 fonts, out of 3000000 for 9000
 198 hyphenation exceptions out of 8191
 56i,14n,55p,2261b,506s stack positions out of 5000i,500n,10000p,200000b,50000s
</usr/share/texlive/texmf-dist/fonts/type1/public/amsfonts/cm/cmbx12.pfb></us
r/share/texlive/texmf-dist/fonts/type1/public/amsfonts/cm/cmex10.pfb></usr/shar
e/texlive/texmf-dist/fonts/type1/public/amsfonts/cm/cmitt10.pfb></usr/share/tex
live/texmf-dist/fonts/type1/public/amsfonts/cm/cmmi12.pfb></usr/share/texlive/t
exmf-dist/fonts/type1/public/amsfonts/cm/cmmi6.pfb></usr/share/texlive/texmf-di
st/fonts/type1/public/amsfonts/cm/cmmi8.pfb></usr/share/texlive/texmf-dist/font
s/type1/public/amsfonts/cm/cmmib10.pfb></usr/share/texlive/texmf-dist/fonts/typ
e1/public/amsfonts/cm/cmr10.pfb></usr/share/texlive/texmf-dist/fonts/type1/publ
ic/amsfonts/cm/cmr12.pfb></usr/share/texlive/texmf-dist/fonts/type1/public/amsf
onts/cm/cmr17.pfb></usr/share/texlive/texmf-dist/fonts/type1/public/amsfonts/cm
/cmr6.pfb></usr/share/texlive/texmf-dist/fonts/type1/public/amsfonts/cm/cmr8.pf
b></usr/share/texlive/texmf-dist/fonts/type1/public/amsfonts/cm/cmsl12.pfb></us
r/share/texlive/texmf-dist/fonts/type1/public/amsfonts/cm/cmsy10.pfb></usr/shar
e/texlive/texmf-dist/fonts/type1/public/amsfonts/cm/cmsy8.pfb></usr/share/texli
ve/texmf-dist/fonts/type1/public/amsfonts/cm/cmti12.pfb></usr/share/texlive/tex
mf-dist/fonts/type1/public/amsfonts/cm/cmtt12.pfb></usr/share/texlive/texmf-dis
t/fonts/type1/public/amsfonts/symbols/msbm10.pfb>
Output written on webappendix.pdf (66 pages, 6732395 bytes).
PDF statistics:
 885 PDF objects out of 1000 (max. 8388607)
 733 compressed objects within 8 object streams
 156 named destinations out of 1000 (max. 500000)
 342 words of extra memory for PDF output out of 10000 (max. 10000000)

